[3.973s] Invoking command in '/home/xlr8wins/dev_ws/src/tes_pande': PYTHONPATH=/home/xlr8wins/dev_ws/src/build/tes_pande/prefix_override:/home/xlr8wins/dev_ws/src/install/tes_pande/lib/python3.6/site-packages: /usr/bin/python3 setup.py egg_info --egg-base ../build/tes_pande build --build-base /home/xlr8wins/dev_ws/src/build/tes_pande/build install --record /home/xlr8wins/dev_ws/src/build/tes_pande/install.log --install-scripts $base/lib/tes_pande --single-version-externally-managed
[5.189s] /home/xlr8wins/.local/lib/python3.6/site-packages/setuptools/dist.py:726: UserWarning: Usage of dash-separated 'script-dir' will not be supported in future versions. Please use the underscore name 'script_dir' instead
[5.190s]   % (opt, underscore_opt)
[5.354s] running egg_info
[5.356s] creating ../build/tes_pande/tes_pande.egg-info
[5.357s] writing ../build/tes_pande/tes_pande.egg-info/PKG-INFO
[5.358s] writing dependency_links to ../build/tes_pande/tes_pande.egg-info/dependency_links.txt
[5.358s] writing entry points to ../build/tes_pande/tes_pande.egg-info/entry_points.txt
[5.359s] writing requirements to ../build/tes_pande/tes_pande.egg-info/requires.txt
[5.360s] writing top-level names to ../build/tes_pande/tes_pande.egg-info/top_level.txt
[5.371s] writing manifest file '../build/tes_pande/tes_pande.egg-info/SOURCES.txt'
[5.378s] reading manifest file '../build/tes_pande/tes_pande.egg-info/SOURCES.txt'
[5.383s] writing manifest file '../build/tes_pande/tes_pande.egg-info/SOURCES.txt'
[5.384s] running build
[5.385s] running build_py
[5.385s] creating /home/xlr8wins/dev_ws/src/build/tes_pande/build
[5.386s] creating /home/xlr8wins/dev_ws/src/build/tes_pande/build/lib
[5.386s] creating /home/xlr8wins/dev_ws/src/build/tes_pande/build/lib/tes_pande
[5.387s] copying tes_pande/__init__.py -> /home/xlr8wins/dev_ws/src/build/tes_pande/build/lib/tes_pande
[5.387s] copying tes_pande/publisher_member_function.py -> /home/xlr8wins/dev_ws/src/build/tes_pande/build/lib/tes_pande
[5.388s] copying tes_pande/subscriber_member_function.py -> /home/xlr8wins/dev_ws/src/build/tes_pande/build/lib/tes_pande
[5.389s] running install
[5.389s] /home/xlr8wins/.local/lib/python3.6/site-packages/setuptools/command/install.py:37: SetuptoolsDeprecationWarning: setup.py install is deprecated. Use build and pip and other standards-based tools.
[5.390s]   setuptools.SetuptoolsDeprecationWarning,
[5.390s] running install_lib
[5.393s] creating /home/xlr8wins/dev_ws/src/install/tes_pande/lib/python3.6/site-packages/tes_pande
[5.393s] copying /home/xlr8wins/dev_ws/src/build/tes_pande/build/lib/tes_pande/__init__.py -> /home/xlr8wins/dev_ws/src/install/tes_pande/lib/python3.6/site-packages/tes_pande
[5.394s] copying /home/xlr8wins/dev_ws/src/build/tes_pande/build/lib/tes_pande/publisher_member_function.py -> /home/xlr8wins/dev_ws/src/install/tes_pande/lib/python3.6/site-packages/tes_pande
[5.394s] copying /home/xlr8wins/dev_ws/src/build/tes_pande/build/lib/tes_pande/subscriber_member_function.py -> /home/xlr8wins/dev_ws/src/install/tes_pande/lib/python3.6/site-packages/tes_pande
[5.395s] byte-compiling /home/xlr8wins/dev_ws/src/install/tes_pande/lib/python3.6/site-packages/tes_pande/__init__.py to __init__.cpython-36.pyc
[5.396s] byte-compiling /home/xlr8wins/dev_ws/src/install/tes_pande/lib/python3.6/site-packages/tes_pande/publisher_member_function.py to publisher_member_function.cpython-36.pyc
[5.398s] byte-compiling /home/xlr8wins/dev_ws/src/install/tes_pande/lib/python3.6/site-packages/tes_pande/subscriber_member_function.py to subscriber_member_function.cpython-36.pyc
[5.399s] running install_data
[5.401s] creating /home/xlr8wins/dev_ws/src/install/tes_pande/share/ament_index
[5.402s] creating /home/xlr8wins/dev_ws/src/install/tes_pande/share/ament_index/resource_index
[5.402s] creating /home/xlr8wins/dev_ws/src/install/tes_pande/share/ament_index/resource_index/packages
[5.403s] copying resource/tes_pande -> /home/xlr8wins/dev_ws/src/install/tes_pande/share/ament_index/resource_index/packages
[5.403s] copying package.xml -> /home/xlr8wins/dev_ws/src/install/tes_pande/share/tes_pande
[5.404s] running install_egg_info
[5.409s] Copying ../build/tes_pande/tes_pande.egg-info to /home/xlr8wins/dev_ws/src/install/tes_pande/lib/python3.6/site-packages/tes_pande-0.0.0-py3.6.egg-info
[5.413s] running install_scripts
[5.495s] Installing listener script to /home/xlr8wins/dev_ws/src/install/tes_pande/lib/tes_pande
[5.496s] Installing talker script to /home/xlr8wins/dev_ws/src/install/tes_pande/lib/tes_pande
[5.497s] writing list of installed files to '/home/xlr8wins/dev_ws/src/build/tes_pande/install.log'
[5.610s] Invoked command in '/home/xlr8wins/dev_ws/src/tes_pande' returned '0': PYTHONPATH=/home/xlr8wins/dev_ws/src/build/tes_pande/prefix_override:/home/xlr8wins/dev_ws/src/install/tes_pande/lib/python3.6/site-packages: /usr/bin/python3 setup.py egg_info --egg-base ../build/tes_pande build --build-base /home/xlr8wins/dev_ws/src/build/tes_pande/build install --record /home/xlr8wins/dev_ws/src/build/tes_pande/install.log --install-scripts $base/lib/tes_pande --single-version-externally-managed
