[2.524s] DEBUG:colcon:Command line arguments: ['/usr/bin/colcon', 'build', '--packages-select', 'tes_pande']
[2.524s] DEBUG:colcon:Parsed command line arguments: Namespace(allow_overriding=[], ament_cmake_args=None, base_paths=['.'], build_base='build', catkin_cmake_args=None, catkin_skip_building_tests=False, cmake_args=None, cmake_clean_cache=False, cmake_clean_first=False, cmake_force_configure=False, cmake_target=None, cmake_target_skip_unavailable=False, continue_on_error=False, event_handlers=None, executor='parallel', ignore_user_meta=False, install_base='install', log_base=None, log_level=None, main=<bound method BuildVerb.main of <colcon_core.verb.build.BuildVerb object at 0x7f9beafd30>>, merge_install=False, metas=['./colcon.meta'], packages_above=None, packages_above_and_dependencies=None, packages_above_depth=None, packages_end=None, packages_ignore=None, packages_ignore_regex=None, packages_select=['tes_pande'], packages_select_build_failed=False, packages_select_by_dep=None, packages_select_regex=None, packages_select_test_failures=False, packages_skip=None, packages_skip_build_finished=False, packages_skip_by_dep=None, packages_skip_regex=None, packages_skip_test_passed=False, packages_skip_up_to=None, packages_start=None, packages_up_to=None, packages_up_to_regex=None, parallel_workers=4, paths=None, symlink_install=False, test_result_base=None, verb_extension=<colcon_core.verb.build.BuildVerb object at 0x7f9beafd30>, verb_name='build', verb_parser=<colcon_defaults.argument_parser.defaults.DefaultArgumentsDecorator object at 0x7f9bd7cf28>)
[2.659s] Level 1:colcon.colcon_core.package_discovery:discover_packages(colcon_meta) check parameters
[2.659s] Level 1:colcon.colcon_core.package_discovery:discover_packages(recursive) check parameters
[2.659s] Level 1:colcon.colcon_core.package_discovery:discover_packages(ignore) check parameters
[2.660s] Level 1:colcon.colcon_core.package_discovery:discover_packages(path) check parameters
[2.660s] Level 1:colcon.colcon_core.package_discovery:discover_packages(colcon_meta) discover
[2.661s] Level 1:colcon.colcon_core.package_discovery:discover_packages(recursive) discover
[2.662s] INFO:colcon.colcon_core.package_discovery:Crawling recursively for packages in '/home/xlr8wins/dev_ws/src'
[2.663s] Level 1:colcon.colcon_core.package_identification:_identify(.) by extensions ['ignore', 'ignore_ament_install']
[2.663s] Level 1:colcon.colcon_core.package_identification:_identify(.) by extension 'ignore'
[2.664s] Level 1:colcon.colcon_core.package_identification:_identify(.) by extension 'ignore_ament_install'
[2.664s] Level 1:colcon.colcon_core.package_identification:_identify(.) by extensions ['colcon_pkg']
[2.664s] Level 1:colcon.colcon_core.package_identification:_identify(.) by extension 'colcon_pkg'
[2.665s] Level 1:colcon.colcon_core.package_identification:_identify(.) by extensions ['colcon_meta']
[2.665s] Level 1:colcon.colcon_core.package_identification:_identify(.) by extension 'colcon_meta'
[2.665s] Level 1:colcon.colcon_core.package_identification:_identify(.) by extensions ['ros']
[2.665s] Level 1:colcon.colcon_core.package_identification:_identify(.) by extension 'ros'
[2.736s] Level 1:colcon.colcon_core.package_identification:_identify(.) by extensions ['cmake', 'python']
[2.736s] Level 1:colcon.colcon_core.package_identification:_identify(.) by extension 'cmake'
[2.737s] Level 1:colcon.colcon_core.package_identification:_identify(.) by extension 'python'
[2.737s] Level 1:colcon.colcon_core.package_identification:_identify(.) by extensions ['python_setup_py']
[2.737s] Level 1:colcon.colcon_core.package_identification:_identify(.) by extension 'python_setup_py'
[2.738s] Level 1:colcon.colcon_core.package_identification:_identify(build) by extensions ['ignore', 'ignore_ament_install']
[2.738s] Level 1:colcon.colcon_core.package_identification:_identify(build) by extension 'ignore'
[2.738s] Level 1:colcon.colcon_core.package_identification:_identify(build) ignored
[2.740s] Level 1:colcon.colcon_core.package_identification:_identify(install) by extensions ['ignore', 'ignore_ament_install']
[2.741s] Level 1:colcon.colcon_core.package_identification:_identify(install) by extension 'ignore'
[2.741s] Level 1:colcon.colcon_core.package_identification:_identify(install) ignored
[2.741s] Level 1:colcon.colcon_core.package_identification:_identify(log) by extensions ['ignore', 'ignore_ament_install']
[2.742s] Level 1:colcon.colcon_core.package_identification:_identify(log) by extension 'ignore'
[2.742s] Level 1:colcon.colcon_core.package_identification:_identify(log) ignored
[2.742s] Level 1:colcon.colcon_core.package_identification:_identify(ros_tutorials) by extensions ['ignore', 'ignore_ament_install']
[2.743s] Level 1:colcon.colcon_core.package_identification:_identify(ros_tutorials) by extension 'ignore'
[2.743s] Level 1:colcon.colcon_core.package_identification:_identify(ros_tutorials) by extension 'ignore_ament_install'
[2.744s] Level 1:colcon.colcon_core.package_identification:_identify(ros_tutorials) by extensions ['colcon_pkg']
[2.744s] Level 1:colcon.colcon_core.package_identification:_identify(ros_tutorials) by extension 'colcon_pkg'
[2.744s] Level 1:colcon.colcon_core.package_identification:_identify(ros_tutorials) by extensions ['colcon_meta']
[2.744s] Level 1:colcon.colcon_core.package_identification:_identify(ros_tutorials) by extension 'colcon_meta'
[2.744s] Level 1:colcon.colcon_core.package_identification:_identify(ros_tutorials) by extensions ['ros']
[2.745s] Level 1:colcon.colcon_core.package_identification:_identify(ros_tutorials) by extension 'ros'
[2.745s] Level 1:colcon.colcon_core.package_identification:_identify(ros_tutorials) by extensions ['cmake', 'python']
[2.745s] Level 1:colcon.colcon_core.package_identification:_identify(ros_tutorials) by extension 'cmake'
[2.745s] Level 1:colcon.colcon_core.package_identification:_identify(ros_tutorials) by extension 'python'
[2.746s] Level 1:colcon.colcon_core.package_identification:_identify(ros_tutorials) by extensions ['python_setup_py']
[2.746s] Level 1:colcon.colcon_core.package_identification:_identify(ros_tutorials) by extension 'python_setup_py'
[2.749s] Level 1:colcon.colcon_core.package_identification:_identify(ros_tutorials/ros_tutorials) by extensions ['ignore', 'ignore_ament_install']
[2.750s] Level 1:colcon.colcon_core.package_identification:_identify(ros_tutorials/ros_tutorials) by extension 'ignore'
[2.750s] Level 1:colcon.colcon_core.package_identification:_identify(ros_tutorials/ros_tutorials) ignored
[2.752s] Level 1:colcon.colcon_core.package_identification:_identify(ros_tutorials/roscpp_tutorials) by extensions ['ignore', 'ignore_ament_install']
[2.753s] Level 1:colcon.colcon_core.package_identification:_identify(ros_tutorials/roscpp_tutorials) by extension 'ignore'
[2.754s] Level 1:colcon.colcon_core.package_identification:_identify(ros_tutorials/roscpp_tutorials) ignored
[2.755s] Level 1:colcon.colcon_core.package_identification:_identify(ros_tutorials/rospy_tutorials) by extensions ['ignore', 'ignore_ament_install']
[2.756s] Level 1:colcon.colcon_core.package_identification:_identify(ros_tutorials/rospy_tutorials) by extension 'ignore'
[2.756s] Level 1:colcon.colcon_core.package_identification:_identify(ros_tutorials/rospy_tutorials) ignored
[2.757s] Level 1:colcon.colcon_core.package_identification:_identify(ros_tutorials/turtlesim) by extensions ['ignore', 'ignore_ament_install']
[2.758s] Level 1:colcon.colcon_core.package_identification:_identify(ros_tutorials/turtlesim) by extension 'ignore'
[2.759s] Level 1:colcon.colcon_core.package_identification:_identify(ros_tutorials/turtlesim) by extension 'ignore_ament_install'
[2.759s] Level 1:colcon.colcon_core.package_identification:_identify(ros_tutorials/turtlesim) by extensions ['colcon_pkg']
[2.759s] Level 1:colcon.colcon_core.package_identification:_identify(ros_tutorials/turtlesim) by extension 'colcon_pkg'
[2.760s] Level 1:colcon.colcon_core.package_identification:_identify(ros_tutorials/turtlesim) by extensions ['colcon_meta']
[2.760s] Level 1:colcon.colcon_core.package_identification:_identify(ros_tutorials/turtlesim) by extension 'colcon_meta'
[2.760s] Level 1:colcon.colcon_core.package_identification:_identify(ros_tutorials/turtlesim) by extensions ['ros']
[2.760s] Level 1:colcon.colcon_core.package_identification:_identify(ros_tutorials/turtlesim) by extension 'ros'
[2.780s] DEBUG:colcon.colcon_core.package_identification:Package 'ros_tutorials/turtlesim' with type 'ros.ament_cmake' and name 'turtlesim'
[2.781s] Level 1:colcon.colcon_core.package_identification:_identify(tes_pande) by extensions ['ignore', 'ignore_ament_install']
[2.781s] Level 1:colcon.colcon_core.package_identification:_identify(tes_pande) by extension 'ignore'
[2.782s] Level 1:colcon.colcon_core.package_identification:_identify(tes_pande) by extension 'ignore_ament_install'
[2.782s] Level 1:colcon.colcon_core.package_identification:_identify(tes_pande) by extensions ['colcon_pkg']
[2.782s] Level 1:colcon.colcon_core.package_identification:_identify(tes_pande) by extension 'colcon_pkg'
[2.783s] Level 1:colcon.colcon_core.package_identification:_identify(tes_pande) by extensions ['colcon_meta']
[2.783s] Level 1:colcon.colcon_core.package_identification:_identify(tes_pande) by extension 'colcon_meta'
[2.783s] Level 1:colcon.colcon_core.package_identification:_identify(tes_pande) by extensions ['ros']
[2.783s] Level 1:colcon.colcon_core.package_identification:_identify(tes_pande) by extension 'ros'
[2.786s] DEBUG:colcon.colcon_core.package_identification:Package 'tes_pande' with type 'ros.ament_python' and name 'tes_pande'
[2.787s] Level 1:colcon.colcon_core.package_identification:_identify(test_controller) by extensions ['ignore', 'ignore_ament_install']
[2.788s] Level 1:colcon.colcon_core.package_identification:_identify(test_controller) by extension 'ignore'
[2.788s] Level 1:colcon.colcon_core.package_identification:_identify(test_controller) by extension 'ignore_ament_install'
[2.788s] Level 1:colcon.colcon_core.package_identification:_identify(test_controller) by extensions ['colcon_pkg']
[2.789s] Level 1:colcon.colcon_core.package_identification:_identify(test_controller) by extension 'colcon_pkg'
[2.789s] Level 1:colcon.colcon_core.package_identification:_identify(test_controller) by extensions ['colcon_meta']
[2.789s] Level 1:colcon.colcon_core.package_identification:_identify(test_controller) by extension 'colcon_meta'
[2.789s] Level 1:colcon.colcon_core.package_identification:_identify(test_controller) by extensions ['ros']
[2.790s] Level 1:colcon.colcon_core.package_identification:_identify(test_controller) by extension 'ros'
[2.793s] DEBUG:colcon.colcon_core.package_identification:Package 'test_controller' with type 'ros.ament_python' and name 'test_controller'
[2.794s] Level 1:colcon.colcon_core.package_discovery:discover_packages(recursive) using defaults
[2.795s] Level 1:colcon.colcon_core.package_discovery:discover_packages(ignore) discover
[2.795s] Level 1:colcon.colcon_core.package_discovery:discover_packages(ignore) using defaults
[2.795s] Level 1:colcon.colcon_core.package_discovery:discover_packages(path) discover
[2.795s] Level 1:colcon.colcon_core.package_discovery:discover_packages(path) using defaults
[2.943s] INFO:colcon.colcon_core.package_selection:Skipping not selected package 'test_controller' in 'test_controller'
[2.943s] INFO:colcon.colcon_core.package_selection:Skipping not selected package 'turtlesim' in 'ros_tutorials/turtlesim'
[2.946s] Level 1:colcon.colcon_core.package_discovery:discover_packages(prefix_path) check parameters
[2.947s] Level 1:colcon.colcon_core.package_discovery:discover_packages(prefix_path) discover
[2.956s] Level 1:colcon.colcon_core.package_discovery:discover_packages(prefix_path) using defaults
[2.964s] Level 5:colcon.colcon_core.verb:set package 'tes_pande' build argument 'cmake_args' from command line to 'None'
[2.964s] Level 5:colcon.colcon_core.verb:set package 'tes_pande' build argument 'cmake_target' from command line to 'None'
[2.964s] Level 5:colcon.colcon_core.verb:set package 'tes_pande' build argument 'cmake_target_skip_unavailable' from command line to 'False'
[2.964s] Level 5:colcon.colcon_core.verb:set package 'tes_pande' build argument 'cmake_clean_cache' from command line to 'False'
[2.964s] Level 5:colcon.colcon_core.verb:set package 'tes_pande' build argument 'cmake_clean_first' from command line to 'False'
[2.965s] Level 5:colcon.colcon_core.verb:set package 'tes_pande' build argument 'cmake_force_configure' from command line to 'False'
[2.965s] Level 5:colcon.colcon_core.verb:set package 'tes_pande' build argument 'ament_cmake_args' from command line to 'None'
[2.965s] Level 5:colcon.colcon_core.verb:set package 'tes_pande' build argument 'catkin_cmake_args' from command line to 'None'
[2.965s] Level 5:colcon.colcon_core.verb:set package 'tes_pande' build argument 'catkin_skip_building_tests' from command line to 'False'
[2.965s] DEBUG:colcon.colcon_core.verb:Building package 'tes_pande' with the following arguments: {'ament_cmake_args': None, 'build_base': '/home/xlr8wins/dev_ws/src/build/tes_pande', 'catkin_cmake_args': None, 'catkin_skip_building_tests': False, 'cmake_args': None, 'cmake_clean_cache': False, 'cmake_clean_first': False, 'cmake_force_configure': False, 'cmake_target': None, 'cmake_target_skip_unavailable': False, 'install_base': '/home/xlr8wins/dev_ws/src/install/tes_pande', 'merge_install': False, 'path': '/home/xlr8wins/dev_ws/src/tes_pande', 'symlink_install': False, 'test_result_base': None}
[2.966s] INFO:colcon.colcon_core.executor:Executing jobs using 'parallel' executor
[2.971s] DEBUG:colcon.colcon_parallel_executor.executor.parallel:run_until_complete
[2.972s] INFO:colcon.colcon_ros.task.ament_python.build:Building ROS package in '/home/xlr8wins/dev_ws/src/tes_pande' with build type 'ament_python'
[2.972s] Level 1:colcon.colcon_core.shell:create_environment_hook('tes_pande', 'ament_prefix_path')
[2.992s] INFO:colcon.colcon_core.plugin_system:Skipping extension 'colcon_core.shell.bat': Not used on non-Windows systems
[2.993s] INFO:colcon.colcon_core.shell:Creating environment hook '/home/xlr8wins/dev_ws/src/install/tes_pande/share/tes_pande/hook/ament_prefix_path.ps1'
[2.998s] INFO:colcon.colcon_core.shell:Creating environment descriptor '/home/xlr8wins/dev_ws/src/install/tes_pande/share/tes_pande/hook/ament_prefix_path.dsv'
[3.001s] INFO:colcon.colcon_core.shell:Creating environment hook '/home/xlr8wins/dev_ws/src/install/tes_pande/share/tes_pande/hook/ament_prefix_path.sh'
[3.006s] INFO:colcon.colcon_core.shell:Skip shell extension 'powershell' for command environment: Not usable outside of PowerShell
[3.007s] DEBUG:colcon.colcon_core.shell:Skip shell extension 'dsv' for command environment
[4.520s] INFO:colcon.colcon_core.task.python.build:Building Python package in '/home/xlr8wins/dev_ws/src/tes_pande'
[4.523s] INFO:colcon.colcon_core.shell:Skip shell extension 'powershell' for command environment: Not usable outside of PowerShell
[4.523s] DEBUG:colcon.colcon_core.shell:Skip shell extension 'dsv' for command environment
[6.948s] DEBUG:colcon.colcon_core.event_handler.log_command:Invoking command in '/home/xlr8wins/dev_ws/src/tes_pande': PYTHONPATH=/home/xlr8wins/dev_ws/src/build/tes_pande/prefix_override:/home/xlr8wins/dev_ws/src/install/tes_pande/lib/python3.6/site-packages: /usr/bin/python3 setup.py egg_info --egg-base ../build/tes_pande build --build-base /home/xlr8wins/dev_ws/src/build/tes_pande/build install --record /home/xlr8wins/dev_ws/src/build/tes_pande/install.log --install-scripts $base/lib/tes_pande --single-version-externally-managed
[8.585s] DEBUG:colcon.colcon_core.event_handler.log_command:Invoked command in '/home/xlr8wins/dev_ws/src/tes_pande' returned '0': PYTHONPATH=/home/xlr8wins/dev_ws/src/build/tes_pande/prefix_override:/home/xlr8wins/dev_ws/src/install/tes_pande/lib/python3.6/site-packages: /usr/bin/python3 setup.py egg_info --egg-base ../build/tes_pande build --build-base /home/xlr8wins/dev_ws/src/build/tes_pande/build install --record /home/xlr8wins/dev_ws/src/build/tes_pande/install.log --install-scripts $base/lib/tes_pande --single-version-externally-managed
[8.605s] Level 1:colcon.colcon_core.environment:checking '/home/xlr8wins/dev_ws/src/install/tes_pande' for CMake module files
[8.607s] Level 1:colcon.colcon_core.environment:checking '/home/xlr8wins/dev_ws/src/install/tes_pande' for CMake config files
[8.613s] Level 1:colcon.colcon_core.environment:checking '/home/xlr8wins/dev_ws/src/install/tes_pande/lib'
[8.613s] Level 1:colcon.colcon_core.environment:checking '/home/xlr8wins/dev_ws/src/install/tes_pande/bin'
[8.614s] Level 1:colcon.colcon_core.environment:checking '/home/xlr8wins/dev_ws/src/install/tes_pande/lib/pkgconfig/tes_pande.pc'
[8.615s] Level 1:colcon.colcon_core.environment:checking '/home/xlr8wins/dev_ws/src/install/tes_pande/lib/python3.6/site-packages'
[8.615s] Level 1:colcon.colcon_core.shell:create_environment_hook('tes_pande', 'pythonpath')
[8.617s] INFO:colcon.colcon_core.shell:Creating environment hook '/home/xlr8wins/dev_ws/src/install/tes_pande/share/tes_pande/hook/pythonpath.ps1'
[8.619s] INFO:colcon.colcon_core.shell:Creating environment descriptor '/home/xlr8wins/dev_ws/src/install/tes_pande/share/tes_pande/hook/pythonpath.dsv'
[8.620s] INFO:colcon.colcon_core.shell:Creating environment hook '/home/xlr8wins/dev_ws/src/install/tes_pande/share/tes_pande/hook/pythonpath.sh'
[8.622s] Level 1:colcon.colcon_core.environment:checking '/home/xlr8wins/dev_ws/src/install/tes_pande/bin'
[8.622s] Level 1:colcon.colcon_core.environment:create_environment_scripts_only(tes_pande)
[8.625s] INFO:colcon.colcon_core.shell:Creating package script '/home/xlr8wins/dev_ws/src/install/tes_pande/share/tes_pande/package.ps1'
[8.633s] INFO:colcon.colcon_core.shell:Creating package descriptor '/home/xlr8wins/dev_ws/src/install/tes_pande/share/tes_pande/package.dsv'
[8.638s] INFO:colcon.colcon_core.shell:Creating package script '/home/xlr8wins/dev_ws/src/install/tes_pande/share/tes_pande/package.sh'
[8.644s] INFO:colcon.colcon_core.shell:Creating package script '/home/xlr8wins/dev_ws/src/install/tes_pande/share/tes_pande/package.bash'
[8.650s] INFO:colcon.colcon_core.shell:Creating package script '/home/xlr8wins/dev_ws/src/install/tes_pande/share/tes_pande/package.zsh'
[8.654s] Level 1:colcon.colcon_core.environment:create_file_with_runtime_dependencies(/home/xlr8wins/dev_ws/src/install/tes_pande/share/colcon-core/packages/tes_pande)
[8.657s] DEBUG:colcon.colcon_parallel_executor.executor.parallel:closing loop
[8.659s] DEBUG:colcon.colcon_parallel_executor.executor.parallel:loop closed
[8.659s] DEBUG:colcon.colcon_parallel_executor.executor.parallel:run_until_complete finished with '0'
[8.660s] DEBUG:colcon.colcon_core.event_reactor:joining thread
[8.695s] INFO:colcon.colcon_core.plugin_system:Skipping extension 'colcon_notification.desktop_notification.terminal_notifier': Not used on non-Darwin systems
[8.696s] INFO:colcon.colcon_core.plugin_system:Skipping extension 'colcon_notification.desktop_notification.win32': Not used on non-Windows systems
[8.696s] INFO:colcon.colcon_notification.desktop_notification:Sending desktop notification using 'notify2'
[8.804s] DEBUG:colcon.colcon_core.event_reactor:joined thread
[8.806s] INFO:colcon.colcon_core.shell:Creating prefix script '/home/xlr8wins/dev_ws/src/install/local_setup.ps1'
[8.813s] INFO:colcon.colcon_core.shell:Creating prefix util module '/home/xlr8wins/dev_ws/src/install/_local_setup_util_ps1.py'
[8.825s] INFO:colcon.colcon_core.shell:Creating prefix chain script '/home/xlr8wins/dev_ws/src/install/setup.ps1'
[8.831s] INFO:colcon.colcon_core.shell:Creating prefix script '/home/xlr8wins/dev_ws/src/install/local_setup.sh'
[8.836s] INFO:colcon.colcon_core.shell:Creating prefix util module '/home/xlr8wins/dev_ws/src/install/_local_setup_util_sh.py'
[8.838s] INFO:colcon.colcon_core.shell:Creating prefix chain script '/home/xlr8wins/dev_ws/src/install/setup.sh'
[8.846s] INFO:colcon.colcon_core.shell:Creating prefix script '/home/xlr8wins/dev_ws/src/install/local_setup.bash'
[8.851s] INFO:colcon.colcon_core.shell:Creating prefix chain script '/home/xlr8wins/dev_ws/src/install/setup.bash'
[8.857s] INFO:colcon.colcon_core.shell:Creating prefix script '/home/xlr8wins/dev_ws/src/install/local_setup.zsh'
[8.862s] INFO:colcon.colcon_core.shell:Creating prefix chain script '/home/xlr8wins/dev_ws/src/install/setup.zsh'
