[3.402s] Invoking command in '/home/xlr8wins/dev_ws/src/build/turtlesim': CMAKE_PREFIX_PATH=${CMAKE_PREFIX_PATH}:/home/xlr8wins/ros2_dashing/install/ros2bag:/home/xlr8wins/ros2_dashing/install/topic_monitor:/home/xlr8wins/ros2_dashing/install/sros2:/home/xlr8wins/ros2_dashing/install/rqt_topic:/home/xlr8wins/ros2_dashing/install/rqt_top:/home/xlr8wins/ros2_dashing/install/rqt_srv:/home/xlr8wins/ros2_dashing/install/rqt_shell:/home/xlr8wins/ros2_dashing/install/rqt_service_caller:/home/xlr8wins/ros2_dashing/install/rqt_py_console:/home/xlr8wins/ros2_dashing/install/rqt_action:/home/xlr8wins/ros2_dashing/install/rqt:/home/xlr8wins/ros2_dashing/install/rqt_graph:/home/xlr8wins/ros2_dashing/install/rqt_gui_py:/home/xlr8wins/ros2_dashing/install/rqt_gui:/home/xlr8wins/ros2_dashing/install/ros2topic:/home/xlr8wins/ros2_dashing/install/ros2test:/home/xlr8wins/ros2_dashing/install/ros2component:/home/xlr8wins/ros2_dashing/install/ros2param:/home/xlr8wins/ros2_dashing/install/ros2lifecycle:/home/xlr8wins/ros2_dashing/install/ros2service:/home/xlr8wins/ros2_dashing/install/ros2srv:/home/xlr8wins/ros2_dashing/install/ros2run:/home/xlr8wins/ros2_dashing/install/ros2launch:/home/xlr8wins/ros2_dashing/install/ros2pkg:/home/xlr8wins/ros2_dashing/install/ros2node:/home/xlr8wins/ros2_dashing/install/ros2multicast:/home/xlr8wins/ros2_dashing/install/ros2msg:/home/xlr8wins/ros2_dashing/install/ros2action:/home/xlr8wins/ros2_dashing/install/ros2cli:/home/xlr8wins/ros2_dashing/install/quality_of_service_demo_py:/home/xlr8wins/ros2_dashing/install/launch_testing_ros:/home/xlr8wins/ros2_dashing/install/launch_ros:/home/xlr8wins/ros2_dashing/install/examples_rclpy_minimal_subscriber:/home/xlr8wins/ros2_dashing/install/examples_rclpy_minimal_service:/home/xlr8wins/ros2_dashing/install/examples_rclpy_minimal_publisher:/home/xlr8wins/ros2_dashing/install/examples_rclpy_minimal_client:/home/xlr8wins/ros2_dashing/install/examples_rclpy_minimal_action_server:/home/xlr8wins/ros2_dashing/install/examples_rclpy_minimal_action_client:/home/xlr8wins/ros2_dashing/install/examples_rclpy_executors:/home/xlr8wins/ros2_dashing/install/demo_nodes_py:/home/xlr8wins/ros2_dashing/install/ament_uncrustify:/home/xlr8wins/ros2_dashing/install/test_launch_ros:/home/xlr8wins/ros2_dashing/install/rosidl_runtime_py:/home/xlr8wins/ros2_dashing/install/launch_testing:/home/xlr8wins/ros2_dashing/install/launch:/home/xlr8wins/ros2_dashing/install/osrf_pycommon:/home/xlr8wins/ros2_dashing/install/ament_xmllint:/home/xlr8wins/ros2_dashing/install/ament_pyflakes:/home/xlr8wins/ros2_dashing/install/ament_pep8:/home/xlr8wins/ros2_dashing/install/ament_pep257:/home/xlr8wins/ros2_dashing/install/ament_pclint:/home/xlr8wins/ros2_dashing/install/ament_package:/home/xlr8wins/ros2_dashing/install/ament_lint_cmake:/home/xlr8wins/ros2_dashing/install/ament_flake8:/home/xlr8wins/ros2_dashing/install/ament_copyright:/home/xlr8wins/ros2_dashing/install/ament_lint:/home/xlr8wins/ros2_dashing/install/ament_index_python:/home/xlr8wins/ros2_dashing/install/ament_cpplint:/home/xlr8wins/ros2_dashing/install/ament_cppcheck:/home/xlr8wins/ros2_dashing/install/ament_clang_tidy:/home/xlr8wins/ros2_dashing/install/ament_clang_format /usr/bin/cmake --build /home/xlr8wins/dev_ws/src/build/turtlesim -- -j4 -l4
[3.864s] [35m[1mScanning dependencies of target turtlesim__cpp[0m
[3.869s] [  1%] [34m[1mGenerating C code for ROS interfaces[0m
[3.978s] [  2%] [34m[1mGenerating C++ code for ROS interfaces[0m
[11.456s] [  2%] Built target turtlesim__cpp
[11.586s] [  3%] [34m[1mGenerating C++ introspection for ROS interfaces[0m
[11.667s] [  4%] [34m[1mGenerating C++ type support dispatch for ROS interfaces[0m
[11.681s] [  5%] [34m[1mGenerating C++ type support for eProsima Fast-RTPS[0m
[16.286s] [35m[1mScanning dependencies of target turtlesim__rosidl_generator_c[0m
[16.663s] [  6%] [32mBuilding C object CMakeFiles/turtlesim__rosidl_generator_c.dir/rosidl_generator_c/turtlesim/action/rotate_absolute__functions.c.o[0m
[17.244s] [  7%] [32mBuilding C object CMakeFiles/turtlesim__rosidl_generator_c.dir/rosidl_generator_c/turtlesim/msg/color__functions.c.o[0m
[17.505s] [  8%] [32mBuilding C object CMakeFiles/turtlesim__rosidl_generator_c.dir/rosidl_generator_c/turtlesim/msg/pose__functions.c.o[0m
[17.781s] [  9%] [32mBuilding C object CMakeFiles/turtlesim__rosidl_generator_c.dir/rosidl_generator_c/turtlesim/srv/kill__functions.c.o[0m
[17.814s] [35m[1mScanning dependencies of target turtlesim__rosidl_typesupport_cpp[0m
[17.998s] [ 10%] [32mBuilding CXX object CMakeFiles/turtlesim__rosidl_typesupport_cpp.dir/rosidl_typesupport_cpp/turtlesim/action/rotate_absolute__type_support.cpp.o[0m
[18.077s] [ 11%] [32mBuilding C object CMakeFiles/turtlesim__rosidl_generator_c.dir/rosidl_generator_c/turtlesim/srv/set_pen__functions.c.o[0m
[18.360s] [ 12%] [32mBuilding C object CMakeFiles/turtlesim__rosidl_generator_c.dir/rosidl_generator_c/turtlesim/srv/spawn__functions.c.o[0m
[18.765s] [ 13%] [32mBuilding C object CMakeFiles/turtlesim__rosidl_generator_c.dir/rosidl_generator_c/turtlesim/srv/teleport_absolute__functions.c.o[0m
[18.951s] [35m[1mScanning dependencies of target turtlesim__rosidl_typesupport_introspection_cpp[0m
[19.062s] [ 14%] [32mBuilding C object CMakeFiles/turtlesim__rosidl_generator_c.dir/rosidl_generator_c/turtlesim/srv/teleport_relative__functions.c.o[0m
[19.143s] [ 15%] [32mBuilding CXX object CMakeFiles/turtlesim__rosidl_typesupport_introspection_cpp.dir/rosidl_typesupport_introspection_cpp/turtlesim/action/rotate_absolute__type_support.cpp.o[0m
[19.354s] [ 16%] [32mBuilding CXX object CMakeFiles/turtlesim__rosidl_typesupport_cpp.dir/rosidl_typesupport_cpp/turtlesim/msg/color__type_support.cpp.o[0m
[19.358s] [ 17%] [32m[1mLinking C shared library libturtlesim__rosidl_generator_c.so[0m
[19.689s] [ 17%] Built target turtlesim__rosidl_generator_c
[19.814s] [ 18%] [34m[1mGenerating C introspection for ROS interfaces[0m
[20.339s] [ 19%] [32mBuilding CXX object CMakeFiles/turtlesim__rosidl_typesupport_introspection_cpp.dir/rosidl_typesupport_introspection_cpp/turtlesim/msg/color__type_support.cpp.o[0m
[20.636s] [ 20%] [32mBuilding CXX object CMakeFiles/turtlesim__rosidl_typesupport_cpp.dir/rosidl_typesupport_cpp/turtlesim/msg/pose__type_support.cpp.o[0m
[20.714s] [35m[1mScanning dependencies of target turtlesim__rosidl_typesupport_fastrtps_cpp[0m
[21.003s] [ 21%] [32mBuilding CXX object CMakeFiles/turtlesim__rosidl_typesupport_fastrtps_cpp.dir/rosidl_typesupport_fastrtps_cpp/turtlesim/action/dds_fastrtps/rotate_absolute__type_support.cpp.o[0m
[21.514s] [ 22%] [32mBuilding CXX object CMakeFiles/turtlesim__rosidl_typesupport_introspection_cpp.dir/rosidl_typesupport_introspection_cpp/turtlesim/msg/pose__type_support.cpp.o[0m
[21.870s] [ 23%] [32mBuilding CXX object CMakeFiles/turtlesim__rosidl_typesupport_cpp.dir/rosidl_typesupport_cpp/turtlesim/srv/kill__type_support.cpp.o[0m
[22.825s] [ 24%] [32mBuilding CXX object CMakeFiles/turtlesim__rosidl_typesupport_introspection_cpp.dir/rosidl_typesupport_introspection_cpp/turtlesim/srv/kill__type_support.cpp.o[0m
[23.037s] [ 25%] [32mBuilding CXX object CMakeFiles/turtlesim__rosidl_typesupport_fastrtps_cpp.dir/rosidl_typesupport_fastrtps_cpp/turtlesim/msg/dds_fastrtps/color__type_support.cpp.o[0m
[23.164s] [ 26%] [32mBuilding CXX object CMakeFiles/turtlesim__rosidl_typesupport_cpp.dir/rosidl_typesupport_cpp/turtlesim/srv/set_pen__type_support.cpp.o[0m
[24.053s] [ 27%] [32mBuilding CXX object CMakeFiles/turtlesim__rosidl_typesupport_introspection_cpp.dir/rosidl_typesupport_introspection_cpp/turtlesim/srv/set_pen__type_support.cpp.o[0m
[24.312s] [ 28%] [32mBuilding CXX object CMakeFiles/turtlesim__rosidl_typesupport_cpp.dir/rosidl_typesupport_cpp/turtlesim/srv/spawn__type_support.cpp.o[0m
[24.796s] [ 29%] [32mBuilding CXX object CMakeFiles/turtlesim__rosidl_typesupport_fastrtps_cpp.dir/rosidl_typesupport_fastrtps_cpp/turtlesim/msg/dds_fastrtps/pose__type_support.cpp.o[0m
[25.203s] [ 30%] [32mBuilding CXX object CMakeFiles/turtlesim__rosidl_typesupport_introspection_cpp.dir/rosidl_typesupport_introspection_cpp/turtlesim/srv/spawn__type_support.cpp.o[0m
[25.452s] [ 31%] [32mBuilding CXX object CMakeFiles/turtlesim__rosidl_typesupport_cpp.dir/rosidl_typesupport_cpp/turtlesim/srv/teleport_absolute__type_support.cpp.o[0m
[26.334s] [ 32%] [32mBuilding CXX object CMakeFiles/turtlesim__rosidl_typesupport_introspection_cpp.dir/rosidl_typesupport_introspection_cpp/turtlesim/srv/teleport_absolute__type_support.cpp.o[0m
[26.483s] [ 33%] [32mBuilding CXX object CMakeFiles/turtlesim__rosidl_typesupport_fastrtps_cpp.dir/rosidl_typesupport_fastrtps_cpp/turtlesim/srv/dds_fastrtps/kill__type_support.cpp.o[0m
[26.608s] [ 34%] [32mBuilding CXX object CMakeFiles/turtlesim__rosidl_typesupport_cpp.dir/rosidl_typesupport_cpp/turtlesim/srv/teleport_relative__type_support.cpp.o[0m
[27.482s] [ 35%] [32mBuilding CXX object CMakeFiles/turtlesim__rosidl_typesupport_introspection_cpp.dir/rosidl_typesupport_introspection_cpp/turtlesim/srv/teleport_relative__type_support.cpp.o[0m
[27.759s] [ 36%] [32m[1mLinking CXX shared library libturtlesim__rosidl_typesupport_cpp.so[0m
[28.100s] [ 36%] Built target turtlesim__rosidl_typesupport_cpp
[28.285s] [ 37%] [32mBuilding CXX object CMakeFiles/turtlesim__rosidl_typesupport_fastrtps_cpp.dir/rosidl_typesupport_fastrtps_cpp/turtlesim/srv/dds_fastrtps/set_pen__type_support.cpp.o[0m
[28.295s] [ 38%] [32mBuilding CXX object CMakeFiles/turtlesim__rosidl_typesupport_fastrtps_cpp.dir/rosidl_typesupport_fastrtps_cpp/turtlesim/srv/dds_fastrtps/spawn__type_support.cpp.o[0m
[28.363s] [35m[1mScanning dependencies of target turtlesim__rosidl_typesupport_introspection_c[0m
[28.538s] [ 39%] [32mBuilding C object CMakeFiles/turtlesim__rosidl_typesupport_introspection_c.dir/rosidl_typesupport_introspection_c/turtlesim/action/rotate_absolute__type_support.c.o[0m
[28.635s] [ 40%] [32m[1mLinking CXX shared library libturtlesim__rosidl_typesupport_introspection_cpp.so[0m
[28.837s] [ 41%] [32mBuilding C object CMakeFiles/turtlesim__rosidl_typesupport_introspection_c.dir/rosidl_typesupport_introspection_c/turtlesim/msg/color__type_support.c.o[0m
[28.983s] [ 41%] Built target turtlesim__rosidl_typesupport_introspection_cpp
[29.057s] [ 42%] [32mBuilding C object CMakeFiles/turtlesim__rosidl_typesupport_introspection_c.dir/rosidl_typesupport_introspection_c/turtlesim/msg/pose__type_support.c.o[0m
[29.115s] [ 43%] [34m[1mGenerating C type support dispatch for ROS interfaces[0m
[29.289s] [ 44%] [32mBuilding C object CMakeFiles/turtlesim__rosidl_typesupport_introspection_c.dir/rosidl_typesupport_introspection_c/turtlesim/srv/kill__type_support.c.o[0m
[29.538s] [ 45%] [32mBuilding C object CMakeFiles/turtlesim__rosidl_typesupport_introspection_c.dir/rosidl_typesupport_introspection_c/turtlesim/srv/set_pen__type_support.c.o[0m
[29.785s] [ 46%] [32mBuilding C object CMakeFiles/turtlesim__rosidl_typesupport_introspection_c.dir/rosidl_typesupport_introspection_c/turtlesim/srv/spawn__type_support.c.o[0m
[30.012s] [ 47%] [32mBuilding CXX object CMakeFiles/turtlesim__rosidl_typesupport_fastrtps_cpp.dir/rosidl_typesupport_fastrtps_cpp/turtlesim/srv/dds_fastrtps/teleport_absolute__type_support.cpp.o[0m
[30.022s] [ 48%] [32mBuilding C object CMakeFiles/turtlesim__rosidl_typesupport_introspection_c.dir/rosidl_typesupport_introspection_c/turtlesim/srv/teleport_absolute__type_support.c.o[0m
[30.069s] [ 49%] [32mBuilding CXX object CMakeFiles/turtlesim__rosidl_typesupport_fastrtps_cpp.dir/rosidl_typesupport_fastrtps_cpp/turtlesim/srv/dds_fastrtps/teleport_relative__type_support.cpp.o[0m
[30.398s] [ 50%] [32mBuilding C object CMakeFiles/turtlesim__rosidl_typesupport_introspection_c.dir/rosidl_typesupport_introspection_c/turtlesim/srv/teleport_relative__type_support.c.o[0m
[30.650s] [ 51%] [32m[1mLinking C shared library libturtlesim__rosidl_typesupport_introspection_c.so[0m
[30.983s] [ 51%] Built target turtlesim__rosidl_typesupport_introspection_c
[31.903s] [ 52%] [32m[1mLinking CXX shared library libturtlesim__rosidl_typesupport_fastrtps_cpp.so[0m
[32.363s] [ 52%] Built target turtlesim__rosidl_typesupport_fastrtps_cpp
[32.479s] [ 53%] [34m[1mGenerating C type support for eProsima Fast-RTPS[0m
[34.415s] [35m[1mScanning dependencies of target turtlesim__rosidl_typesupport_c[0m
[34.577s] [ 54%] [32mBuilding CXX object CMakeFiles/turtlesim__rosidl_typesupport_c.dir/rosidl_typesupport_c/turtlesim/msg/color__type_support.cpp.o[0m
[34.585s] [ 55%] [32mBuilding CXX object CMakeFiles/turtlesim__rosidl_typesupport_c.dir/rosidl_typesupport_c/turtlesim/msg/pose__type_support.cpp.o[0m
[34.649s] [ 56%] [32mBuilding CXX object CMakeFiles/turtlesim__rosidl_typesupport_c.dir/rosidl_typesupport_c/turtlesim/action/rotate_absolute__type_support.cpp.o[0m
[34.900s] [ 57%] [32mBuilding CXX object CMakeFiles/turtlesim__rosidl_typesupport_c.dir/rosidl_typesupport_c/turtlesim/srv/kill__type_support.cpp.o[0m
[34.965s] [ 58%] [32mBuilding CXX object CMakeFiles/turtlesim__rosidl_typesupport_c.dir/rosidl_typesupport_c/turtlesim/srv/set_pen__type_support.cpp.o[0m
[35.011s] [ 59%] [32mBuilding CXX object CMakeFiles/turtlesim__rosidl_typesupport_c.dir/rosidl_typesupport_c/turtlesim/srv/spawn__type_support.cpp.o[0m
[35.190s] [ 60%] [32mBuilding CXX object CMakeFiles/turtlesim__rosidl_typesupport_c.dir/rosidl_typesupport_c/turtlesim/srv/teleport_absolute__type_support.cpp.o[0m
[35.204s] [ 61%] [32mBuilding CXX object CMakeFiles/turtlesim__rosidl_typesupport_c.dir/rosidl_typesupport_c/turtlesim/srv/teleport_relative__type_support.cpp.o[0m
[35.423s] [ 62%] [32m[1mLinking CXX shared library libturtlesim__rosidl_typesupport_c.so[0m
[35.737s] [ 62%] Built target turtlesim__rosidl_typesupport_c
[39.801s] [35m[1mScanning dependencies of target turtlesim__rosidl_typesupport_fastrtps_c[0m
[40.047s] [ 64%] [32mBuilding CXX object CMakeFiles/turtlesim__rosidl_typesupport_fastrtps_c.dir/rosidl_typesupport_fastrtps_c/turtlesim/msg/color__type_support_c.cpp.o[0m
[40.048s] [ 64%] [32mBuilding CXX object CMakeFiles/turtlesim__rosidl_typesupport_fastrtps_c.dir/rosidl_typesupport_fastrtps_c/turtlesim/msg/pose__type_support_c.cpp.o[0m
[40.055s] [ 65%] [32mBuilding CXX object CMakeFiles/turtlesim__rosidl_typesupport_fastrtps_c.dir/rosidl_typesupport_fastrtps_c/turtlesim/srv/kill__type_support_c.cpp.o[0m
[40.066s] [ 66%] [32mBuilding CXX object CMakeFiles/turtlesim__rosidl_typesupport_fastrtps_c.dir/rosidl_typesupport_fastrtps_c/turtlesim/action/rotate_absolute__type_support_c.cpp.o[0m
[41.808s] [ 68%] [32mBuilding CXX object CMakeFiles/turtlesim__rosidl_typesupport_fastrtps_c.dir/rosidl_typesupport_fastrtps_c/turtlesim/srv/set_pen__type_support_c.cpp.o[0m
[41.809s] [ 68%] [32mBuilding CXX object CMakeFiles/turtlesim__rosidl_typesupport_fastrtps_c.dir/rosidl_typesupport_fastrtps_c/turtlesim/srv/spawn__type_support_c.cpp.o[0m
[41.887s] [ 69%] [32mBuilding CXX object CMakeFiles/turtlesim__rosidl_typesupport_fastrtps_c.dir/rosidl_typesupport_fastrtps_c/turtlesim/srv/teleport_absolute__type_support_c.cpp.o[0m
[41.939s] [ 70%] [32mBuilding CXX object CMakeFiles/turtlesim__rosidl_typesupport_fastrtps_c.dir/rosidl_typesupport_fastrtps_c/turtlesim/srv/teleport_relative__type_support_c.cpp.o[0m
[43.769s] [ 71%] [32m[1mLinking CXX shared library libturtlesim__rosidl_typesupport_fastrtps_c.so[0m
[44.269s] [ 71%] Built target turtlesim__rosidl_typesupport_fastrtps_c
[44.379s] [35m[1mScanning dependencies of target turtlesim[0m
[44.492s] [ 71%] Built target turtlesim
[44.606s] [35m[1mScanning dependencies of target turtle_teleop_key[0m
[44.607s] [35m[1mScanning dependencies of target mimic[0m
[44.608s] [35m[1mScanning dependencies of target turtlesim__py[0m
[44.622s] [35m[1mScanning dependencies of target draw_square[0m
[44.727s] [ 72%] [34m[1mGenerating Python code for ROS interfaces[0m
[44.944s] [ 74%] [32mBuilding CXX object CMakeFiles/draw_square.dir/tutorials/draw_square.cpp.o[0m
[44.945s] [ 74%] [32mBuilding CXX object CMakeFiles/mimic.dir/tutorials/mimic.cpp.o[0m
[44.983s] [ 75%] [32mBuilding CXX object CMakeFiles/turtle_teleop_key.dir/tutorials/teleop_turtle_key.cpp.o[0m
[58.888s] [ 76%] [32m[1mLinking CXX executable mimic[0m
[60.207s] [ 77%] [32m[1mLinking CXX executable draw_square[0m
[60.365s] [ 78%] [32m[1mLinking CXX executable turtle_teleop_key[0m
[61.763s] [ 78%] Built target mimic
[61.937s] [ 79%] [34m[1mGenerating include/turtlesim/moc_turtle_frame.cpp[0m
[62.593s] [35m[1mScanning dependencies of target turtlesim_node[0m
[62.744s] [ 79%] Built target draw_square
[63.130s] [ 80%] [32mBuilding CXX object CMakeFiles/turtlesim_node.dir/src/turtle.cpp.o[0m
[63.144s] [ 81%] [32mBuilding CXX object CMakeFiles/turtlesim_node.dir/src/turtlesim.cpp.o[0m
[63.164s] [ 81%] Built target turtle_teleop_key
[63.281s] [ 82%] [32mBuilding CXX object CMakeFiles/turtlesim_node.dir/src/turtle_frame.cpp.o[0m
[66.601s] [ 82%] Built target turtlesim__py
[66.767s] [35m[1mScanning dependencies of target turtlesim__python[0m
[67.286s] [ 83%] [32mBuilding C object CMakeFiles/turtlesim__python.dir/rosidl_generator_py/turtlesim/action/_rotate_absolute_s.c.o[0m
[68.461s] [ 84%] [32mBuilding C object CMakeFiles/turtlesim__python.dir/rosidl_generator_py/turtlesim/msg/_color_s.c.o[0m
[69.302s] [ 85%] [32mBuilding C object CMakeFiles/turtlesim__python.dir/rosidl_generator_py/turtlesim/msg/_pose_s.c.o[0m
[69.931s] [ 86%] [32mBuilding C object CMakeFiles/turtlesim__python.dir/rosidl_generator_py/turtlesim/srv/_kill_s.c.o[0m
[70.751s] [ 87%] [32mBuilding C object CMakeFiles/turtlesim__python.dir/rosidl_generator_py/turtlesim/srv/_set_pen_s.c.o[0m
[71.384s] [ 88%] [32mBuilding C object CMakeFiles/turtlesim__python.dir/rosidl_generator_py/turtlesim/srv/_spawn_s.c.o[0m
[72.417s] [ 89%] [32mBuilding C object CMakeFiles/turtlesim__python.dir/rosidl_generator_py/turtlesim/srv/_teleport_absolute_s.c.o[0m
[73.050s] [ 90%] [32mBuilding C object CMakeFiles/turtlesim__python.dir/rosidl_generator_py/turtlesim/srv/_teleport_relative_s.c.o[0m
[73.628s] [ 91%] [32mBuilding CXX object CMakeFiles/turtlesim_node.dir/include/turtlesim/moc_turtle_frame.cpp.o[0m
[73.668s] [ 92%] [32m[1mLinking C shared library rosidl_generator_py/turtlesim/libturtlesim__python.so[0m
[74.200s] [ 92%] Built target turtlesim__python
[74.349s] [35m[1mScanning dependencies of target turtlesim__rosidl_typesupport_introspection_c__pyext[0m
[74.613s] [ 93%] [32mBuilding C object CMakeFiles/turtlesim__rosidl_typesupport_introspection_c__pyext.dir/rosidl_generator_py/turtlesim/_turtlesim_s.ep.rosidl_typesupport_introspection_c.c.o[0m
[75.826s] [ 94%] [32m[1mLinking C shared library rosidl_generator_py/turtlesim/turtlesim_s__rosidl_typesupport_introspection_c.cpython-36m-aarch64-linux-gnu.so[0m
[76.478s] [ 94%] Built target turtlesim__rosidl_typesupport_introspection_c__pyext
[76.643s] [35m[1mScanning dependencies of target turtlesim__rosidl_typesupport_c__pyext[0m
[77.101s] [ 95%] [32mBuilding C object CMakeFiles/turtlesim__rosidl_typesupport_c__pyext.dir/rosidl_generator_py/turtlesim/_turtlesim_s.ep.rosidl_typesupport_c.c.o[0m
[78.614s] [ 96%] [32m[1mLinking C shared library rosidl_generator_py/turtlesim/turtlesim_s__rosidl_typesupport_c.cpython-36m-aarch64-linux-gnu.so[0m
[79.196s] [ 96%] Built target turtlesim__rosidl_typesupport_c__pyext
[79.357s] [35m[1mScanning dependencies of target turtlesim__rosidl_typesupport_fastrtps_c__pyext[0m
[79.789s] [ 97%] [32mBuilding C object CMakeFiles/turtlesim__rosidl_typesupport_fastrtps_c__pyext.dir/rosidl_generator_py/turtlesim/_turtlesim_s.ep.rosidl_typesupport_fastrtps_c.c.o[0m
[81.429s] [ 98%] [32m[1mLinking C shared library rosidl_generator_py/turtlesim/turtlesim_s__rosidl_typesupport_fastrtps_c.cpython-36m-aarch64-linux-gnu.so[0m
[82.264s] [ 98%] Built target turtlesim__rosidl_typesupport_fastrtps_c__pyext
[88.046s] [100%] [32m[1mLinking CXX executable turtlesim_node[0m
[94.463s] [100%] Built target turtlesim_node
[94.563s] Invoked command in '/home/xlr8wins/dev_ws/src/build/turtlesim' returned '0': CMAKE_PREFIX_PATH=${CMAKE_PREFIX_PATH}:/home/xlr8wins/ros2_dashing/install/ros2bag:/home/xlr8wins/ros2_dashing/install/topic_monitor:/home/xlr8wins/ros2_dashing/install/sros2:/home/xlr8wins/ros2_dashing/install/rqt_topic:/home/xlr8wins/ros2_dashing/install/rqt_top:/home/xlr8wins/ros2_dashing/install/rqt_srv:/home/xlr8wins/ros2_dashing/install/rqt_shell:/home/xlr8wins/ros2_dashing/install/rqt_service_caller:/home/xlr8wins/ros2_dashing/install/rqt_py_console:/home/xlr8wins/ros2_dashing/install/rqt_action:/home/xlr8wins/ros2_dashing/install/rqt:/home/xlr8wins/ros2_dashing/install/rqt_graph:/home/xlr8wins/ros2_dashing/install/rqt_gui_py:/home/xlr8wins/ros2_dashing/install/rqt_gui:/home/xlr8wins/ros2_dashing/install/ros2topic:/home/xlr8wins/ros2_dashing/install/ros2test:/home/xlr8wins/ros2_dashing/install/ros2component:/home/xlr8wins/ros2_dashing/install/ros2param:/home/xlr8wins/ros2_dashing/install/ros2lifecycle:/home/xlr8wins/ros2_dashing/install/ros2service:/home/xlr8wins/ros2_dashing/install/ros2srv:/home/xlr8wins/ros2_dashing/install/ros2run:/home/xlr8wins/ros2_dashing/install/ros2launch:/home/xlr8wins/ros2_dashing/install/ros2pkg:/home/xlr8wins/ros2_dashing/install/ros2node:/home/xlr8wins/ros2_dashing/install/ros2multicast:/home/xlr8wins/ros2_dashing/install/ros2msg:/home/xlr8wins/ros2_dashing/install/ros2action:/home/xlr8wins/ros2_dashing/install/ros2cli:/home/xlr8wins/ros2_dashing/install/quality_of_service_demo_py:/home/xlr8wins/ros2_dashing/install/launch_testing_ros:/home/xlr8wins/ros2_dashing/install/launch_ros:/home/xlr8wins/ros2_dashing/install/examples_rclpy_minimal_subscriber:/home/xlr8wins/ros2_dashing/install/examples_rclpy_minimal_service:/home/xlr8wins/ros2_dashing/install/examples_rclpy_minimal_publisher:/home/xlr8wins/ros2_dashing/install/examples_rclpy_minimal_client:/home/xlr8wins/ros2_dashing/install/examples_rclpy_minimal_action_server:/home/xlr8wins/ros2_dashing/install/examples_rclpy_minimal_action_client:/home/xlr8wins/ros2_dashing/install/examples_rclpy_executors:/home/xlr8wins/ros2_dashing/install/demo_nodes_py:/home/xlr8wins/ros2_dashing/install/ament_uncrustify:/home/xlr8wins/ros2_dashing/install/test_launch_ros:/home/xlr8wins/ros2_dashing/install/rosidl_runtime_py:/home/xlr8wins/ros2_dashing/install/launch_testing:/home/xlr8wins/ros2_dashing/install/launch:/home/xlr8wins/ros2_dashing/install/osrf_pycommon:/home/xlr8wins/ros2_dashing/install/ament_xmllint:/home/xlr8wins/ros2_dashing/install/ament_pyflakes:/home/xlr8wins/ros2_dashing/install/ament_pep8:/home/xlr8wins/ros2_dashing/install/ament_pep257:/home/xlr8wins/ros2_dashing/install/ament_pclint:/home/xlr8wins/ros2_dashing/install/ament_package:/home/xlr8wins/ros2_dashing/install/ament_lint_cmake:/home/xlr8wins/ros2_dashing/install/ament_flake8:/home/xlr8wins/ros2_dashing/install/ament_copyright:/home/xlr8wins/ros2_dashing/install/ament_lint:/home/xlr8wins/ros2_dashing/install/ament_index_python:/home/xlr8wins/ros2_dashing/install/ament_cpplint:/home/xlr8wins/ros2_dashing/install/ament_cppcheck:/home/xlr8wins/ros2_dashing/install/ament_clang_tidy:/home/xlr8wins/ros2_dashing/install/ament_clang_format /usr/bin/cmake --build /home/xlr8wins/dev_ws/src/build/turtlesim -- -j4 -l4
[98.343s] Invoking command in '/home/xlr8wins/dev_ws/src/build/turtlesim': CMAKE_PREFIX_PATH=${CMAKE_PREFIX_PATH}:/home/xlr8wins/ros2_dashing/install/ros2bag:/home/xlr8wins/ros2_dashing/install/topic_monitor:/home/xlr8wins/ros2_dashing/install/sros2:/home/xlr8wins/ros2_dashing/install/rqt_topic:/home/xlr8wins/ros2_dashing/install/rqt_top:/home/xlr8wins/ros2_dashing/install/rqt_srv:/home/xlr8wins/ros2_dashing/install/rqt_shell:/home/xlr8wins/ros2_dashing/install/rqt_service_caller:/home/xlr8wins/ros2_dashing/install/rqt_py_console:/home/xlr8wins/ros2_dashing/install/rqt_action:/home/xlr8wins/ros2_dashing/install/rqt:/home/xlr8wins/ros2_dashing/install/rqt_graph:/home/xlr8wins/ros2_dashing/install/rqt_gui_py:/home/xlr8wins/ros2_dashing/install/rqt_gui:/home/xlr8wins/ros2_dashing/install/ros2topic:/home/xlr8wins/ros2_dashing/install/ros2test:/home/xlr8wins/ros2_dashing/install/ros2component:/home/xlr8wins/ros2_dashing/install/ros2param:/home/xlr8wins/ros2_dashing/install/ros2lifecycle:/home/xlr8wins/ros2_dashing/install/ros2service:/home/xlr8wins/ros2_dashing/install/ros2srv:/home/xlr8wins/ros2_dashing/install/ros2run:/home/xlr8wins/ros2_dashing/install/ros2launch:/home/xlr8wins/ros2_dashing/install/ros2pkg:/home/xlr8wins/ros2_dashing/install/ros2node:/home/xlr8wins/ros2_dashing/install/ros2multicast:/home/xlr8wins/ros2_dashing/install/ros2msg:/home/xlr8wins/ros2_dashing/install/ros2action:/home/xlr8wins/ros2_dashing/install/ros2cli:/home/xlr8wins/ros2_dashing/install/quality_of_service_demo_py:/home/xlr8wins/ros2_dashing/install/launch_testing_ros:/home/xlr8wins/ros2_dashing/install/launch_ros:/home/xlr8wins/ros2_dashing/install/examples_rclpy_minimal_subscriber:/home/xlr8wins/ros2_dashing/install/examples_rclpy_minimal_service:/home/xlr8wins/ros2_dashing/install/examples_rclpy_minimal_publisher:/home/xlr8wins/ros2_dashing/install/examples_rclpy_minimal_client:/home/xlr8wins/ros2_dashing/install/examples_rclpy_minimal_action_server:/home/xlr8wins/ros2_dashing/install/examples_rclpy_minimal_action_client:/home/xlr8wins/ros2_dashing/install/examples_rclpy_executors:/home/xlr8wins/ros2_dashing/install/demo_nodes_py:/home/xlr8wins/ros2_dashing/install/ament_uncrustify:/home/xlr8wins/ros2_dashing/install/test_launch_ros:/home/xlr8wins/ros2_dashing/install/rosidl_runtime_py:/home/xlr8wins/ros2_dashing/install/launch_testing:/home/xlr8wins/ros2_dashing/install/launch:/home/xlr8wins/ros2_dashing/install/osrf_pycommon:/home/xlr8wins/ros2_dashing/install/ament_xmllint:/home/xlr8wins/ros2_dashing/install/ament_pyflakes:/home/xlr8wins/ros2_dashing/install/ament_pep8:/home/xlr8wins/ros2_dashing/install/ament_pep257:/home/xlr8wins/ros2_dashing/install/ament_pclint:/home/xlr8wins/ros2_dashing/install/ament_package:/home/xlr8wins/ros2_dashing/install/ament_lint_cmake:/home/xlr8wins/ros2_dashing/install/ament_flake8:/home/xlr8wins/ros2_dashing/install/ament_copyright:/home/xlr8wins/ros2_dashing/install/ament_lint:/home/xlr8wins/ros2_dashing/install/ament_index_python:/home/xlr8wins/ros2_dashing/install/ament_cpplint:/home/xlr8wins/ros2_dashing/install/ament_cppcheck:/home/xlr8wins/ros2_dashing/install/ament_clang_tidy:/home/xlr8wins/ros2_dashing/install/ament_clang_format /usr/bin/cmake --build /home/xlr8wins/dev_ws/src/build/turtlesim --target install -- -j4 -l4
[99.075s] [  1%] Built target turtlesim__cpp
[99.113s] [ 11%] Built target turtlesim__rosidl_generator_c
[99.460s] [ 21%] Built target turtlesim__rosidl_typesupport_cpp
[99.518s] [ 31%] Built target turtlesim__rosidl_typesupport_introspection_cpp
[99.528s] [ 41%] Built target turtlesim__rosidl_typesupport_introspection_c
[99.671s] [ 51%] Built target turtlesim__rosidl_typesupport_fastrtps_cpp
[99.788s] [ 61%] Built target turtlesim__rosidl_typesupport_c
[99.982s] [ 71%] Built target turtlesim__rosidl_typesupport_fastrtps_c
[100.220s] [ 71%] Built target turtlesim
[100.653s] [ 72%] Built target turtlesim__py
[100.746s] [ 74%] Built target draw_square
[100.780s] [ 76%] Built target mimic
[100.834s] [ 78%] Built target turtle_teleop_key
[101.178s] [ 84%] Built target turtlesim_node
[101.223s] [ 93%] Built target turtlesim__python
[101.527s] [ 95%] Built target turtlesim__rosidl_typesupport_introspection_c__pyext
[101.568s] [ 97%] Built target turtlesim__rosidl_typesupport_fastrtps_c__pyext
[101.625s] [100%] Built target turtlesim__rosidl_typesupport_c__pyext
[101.857s] [36mInstall the project...[0m
[101.953s] -- Install configuration: ""
[101.954s] -- Installing: /home/xlr8wins/dev_ws/src/install/turtlesim/share/ament_index/resource_index/rosidl_interfaces/turtlesim
[101.955s] -- Installing: /home/xlr8wins/dev_ws/src/install/turtlesim/lib/libturtlesim__rosidl_typesupport_cpp.so
[101.957s] -- Set runtime path of "/home/xlr8wins/dev_ws/src/install/turtlesim/lib/libturtlesim__rosidl_typesupport_cpp.so" to ""
[101.959s] -- Installing: /home/xlr8wins/dev_ws/src/install/turtlesim/share/turtlesim/environment/library_path.sh
[101.960s] -- Installing: /home/xlr8wins/dev_ws/src/install/turtlesim/lib/libturtlesim__rosidl_typesupport_c.so
[101.962s] -- Set runtime path of "/home/xlr8wins/dev_ws/src/install/turtlesim/lib/libturtlesim__rosidl_typesupport_c.so" to ""
[101.963s] -- Installing: /home/xlr8wins/dev_ws/src/install/turtlesim/include/turtlesim
[101.965s] -- Installing: /home/xlr8wins/dev_ws/src/install/turtlesim/include/turtlesim/action
[101.966s] -- Installing: /home/xlr8wins/dev_ws/src/install/turtlesim/include/turtlesim/action/rotate_absolute__rosidl_typesupport_introspection_cpp.hpp
[101.967s] -- Installing: /home/xlr8wins/dev_ws/src/install/turtlesim/include/turtlesim/action/rotate_absolute__type_support.cpp
[101.968s] -- Installing: /home/xlr8wins/dev_ws/src/install/turtlesim/include/turtlesim/srv
[101.968s] -- Installing: /home/xlr8wins/dev_ws/src/install/turtlesim/include/turtlesim/srv/set_pen__type_support.cpp
[101.969s] -- Installing: /home/xlr8wins/dev_ws/src/install/turtlesim/include/turtlesim/srv/set_pen__rosidl_typesupport_introspection_cpp.hpp
[101.970s] -- Installing: /home/xlr8wins/dev_ws/src/install/turtlesim/include/turtlesim/srv/spawn__type_support.cpp
[101.972s] -- Installing: /home/xlr8wins/dev_ws/src/install/turtlesim/include/turtlesim/srv/spawn__rosidl_typesupport_introspection_cpp.hpp
[101.973s] -- Installing: /home/xlr8wins/dev_ws/src/install/turtlesim/include/turtlesim/srv/kill__type_support.cpp
[101.977s] -- Installing: /home/xlr8wins/dev_ws/src/install/turtlesim/include/turtlesim/srv/kill__rosidl_typesupport_introspection_cpp.hpp
[101.979s] -- Installing: /home/xlr8wins/dev_ws/src/install/turtlesim/include/turtlesim/srv/teleport_absolute__type_support.cpp
[101.980s] -- Installing: /home/xlr8wins/dev_ws/src/install/turtlesim/include/turtlesim/srv/teleport_relative__type_support.cpp
[101.980s] -- Installing: /home/xlr8wins/dev_ws/src/install/turtlesim/include/turtlesim/srv/teleport_relative__rosidl_typesupport_introspection_cpp.hpp
[101.981s] -- Installing: /home/xlr8wins/dev_ws/src/install/turtlesim/include/turtlesim/srv/teleport_absolute__rosidl_typesupport_introspection_cpp.hpp
[101.982s] -- Installing: /home/xlr8wins/dev_ws/src/install/turtlesim/include/turtlesim/msg
[101.982s] -- Installing: /home/xlr8wins/dev_ws/src/install/turtlesim/include/turtlesim/msg/pose__type_support.cpp
[101.983s] -- Installing: /home/xlr8wins/dev_ws/src/install/turtlesim/include/turtlesim/msg/color__rosidl_typesupport_introspection_cpp.hpp
[101.983s] -- Installing: /home/xlr8wins/dev_ws/src/install/turtlesim/include/turtlesim/msg/color__type_support.cpp
[101.984s] -- Installing: /home/xlr8wins/dev_ws/src/install/turtlesim/include/turtlesim/msg/pose__rosidl_typesupport_introspection_cpp.hpp
[101.984s] -- Installing: /home/xlr8wins/dev_ws/src/install/turtlesim/lib/libturtlesim__rosidl_typesupport_introspection_cpp.so
[101.987s] -- Set runtime path of "/home/xlr8wins/dev_ws/src/install/turtlesim/lib/libturtlesim__rosidl_typesupport_introspection_cpp.so" to ""
[101.988s] -- Up-to-date: /home/xlr8wins/dev_ws/src/install/turtlesim/include/turtlesim
[101.989s] -- Up-to-date: /home/xlr8wins/dev_ws/src/install/turtlesim/include/turtlesim/action
[101.994s] -- Installing: /home/xlr8wins/dev_ws/src/install/turtlesim/include/turtlesim/action/rotate_absolute__type_support.h
[101.997s] -- Installing: /home/xlr8wins/dev_ws/src/install/turtlesim/include/turtlesim/action/rotate_absolute__struct.h
[101.998s] -- Installing: /home/xlr8wins/dev_ws/src/install/turtlesim/include/turtlesim/action/rotate_absolute__functions.h
[101.999s] -- Installing: /home/xlr8wins/dev_ws/src/install/turtlesim/include/turtlesim/action/rotate_absolute__functions.c
[102.000s] -- Installing: /home/xlr8wins/dev_ws/src/install/turtlesim/include/turtlesim/action/rotate_absolute.h
[102.001s] -- Up-to-date: /home/xlr8wins/dev_ws/src/install/turtlesim/include/turtlesim/srv
[102.001s] -- Installing: /home/xlr8wins/dev_ws/src/install/turtlesim/include/turtlesim/srv/teleport_absolute__struct.h
[102.002s] -- Installing: /home/xlr8wins/dev_ws/src/install/turtlesim/include/turtlesim/srv/set_pen__struct.h
[102.003s] -- Installing: /home/xlr8wins/dev_ws/src/install/turtlesim/include/turtlesim/srv/teleport_absolute.h
[102.004s] -- Installing: /home/xlr8wins/dev_ws/src/install/turtlesim/include/turtlesim/srv/kill__struct.h
[102.004s] -- Installing: /home/xlr8wins/dev_ws/src/install/turtlesim/include/turtlesim/srv/kill__functions.h
[102.005s] -- Installing: /home/xlr8wins/dev_ws/src/install/turtlesim/include/turtlesim/srv/teleport_absolute__functions.h
[102.011s] -- Installing: /home/xlr8wins/dev_ws/src/install/turtlesim/include/turtlesim/srv/teleport_relative__type_support.h
[102.011s] -- Installing: /home/xlr8wins/dev_ws/src/install/turtlesim/include/turtlesim/srv/kill.h
[102.012s] -- Installing: /home/xlr8wins/dev_ws/src/install/turtlesim/include/turtlesim/srv/spawn__type_support.h
[102.013s] -- Installing: /home/xlr8wins/dev_ws/src/install/turtlesim/include/turtlesim/srv/kill__type_support.h
[102.014s] -- Installing: /home/xlr8wins/dev_ws/src/install/turtlesim/include/turtlesim/srv/set_pen__functions.c
[102.015s] -- Installing: /home/xlr8wins/dev_ws/src/install/turtlesim/include/turtlesim/srv/kill__functions.c
[102.015s] -- Installing: /home/xlr8wins/dev_ws/src/install/turtlesim/include/turtlesim/srv/spawn.h
[102.016s] -- Installing: /home/xlr8wins/dev_ws/src/install/turtlesim/include/turtlesim/srv/teleport_relative__functions.c
[102.016s] -- Installing: /home/xlr8wins/dev_ws/src/install/turtlesim/include/turtlesim/srv/spawn__functions.c
[102.017s] -- Installing: /home/xlr8wins/dev_ws/src/install/turtlesim/include/turtlesim/srv/set_pen.h
[102.018s] -- Installing: /home/xlr8wins/dev_ws/src/install/turtlesim/include/turtlesim/srv/spawn__struct.h
[102.019s] -- Installing: /home/xlr8wins/dev_ws/src/install/turtlesim/include/turtlesim/srv/teleport_absolute__functions.c
[102.020s] -- Installing: /home/xlr8wins/dev_ws/src/install/turtlesim/include/turtlesim/srv/spawn__functions.h
[102.021s] -- Installing: /home/xlr8wins/dev_ws/src/install/turtlesim/include/turtlesim/srv/set_pen__functions.h
[102.027s] -- Installing: /home/xlr8wins/dev_ws/src/install/turtlesim/include/turtlesim/srv/teleport_relative__struct.h
[102.028s] -- Installing: /home/xlr8wins/dev_ws/src/install/turtlesim/include/turtlesim/srv/teleport_absolute__type_support.h
[102.029s] -- Installing: /home/xlr8wins/dev_ws/src/install/turtlesim/include/turtlesim/srv/teleport_relative.h
[102.030s] -- Installing: /home/xlr8wins/dev_ws/src/install/turtlesim/include/turtlesim/srv/teleport_relative__functions.h
[102.031s] -- Installing: /home/xlr8wins/dev_ws/src/install/turtlesim/include/turtlesim/srv/set_pen__type_support.h
[102.031s] -- Up-to-date: /home/xlr8wins/dev_ws/src/install/turtlesim/include/turtlesim/msg
[102.032s] -- Installing: /home/xlr8wins/dev_ws/src/install/turtlesim/include/turtlesim/msg/pose__type_support.h
[102.032s] -- Installing: /home/xlr8wins/dev_ws/src/install/turtlesim/include/turtlesim/msg/pose.h
[102.033s] -- Installing: /home/xlr8wins/dev_ws/src/install/turtlesim/include/turtlesim/msg/color__type_support.h
[102.034s] -- Installing: /home/xlr8wins/dev_ws/src/install/turtlesim/include/turtlesim/msg/color__functions.c
[102.035s] -- Installing: /home/xlr8wins/dev_ws/src/install/turtlesim/include/turtlesim/msg/rosidl_generator_c__visibility_control.h
[102.036s] -- Installing: /home/xlr8wins/dev_ws/src/install/turtlesim/include/turtlesim/msg/color__functions.h
[102.038s] -- Installing: /home/xlr8wins/dev_ws/src/install/turtlesim/include/turtlesim/msg/pose__struct.h
[102.040s] -- Installing: /home/xlr8wins/dev_ws/src/install/turtlesim/include/turtlesim/msg/pose__functions.h
[102.041s] -- Installing: /home/xlr8wins/dev_ws/src/install/turtlesim/include/turtlesim/msg/color__struct.h
[102.042s] -- Installing: /home/xlr8wins/dev_ws/src/install/turtlesim/include/turtlesim/msg/color.h
[102.043s] -- Installing: /home/xlr8wins/dev_ws/src/install/turtlesim/include/turtlesim/msg/pose__functions.c
[102.044s] -- Installing: /home/xlr8wins/dev_ws/src/install/turtlesim/lib/libturtlesim__rosidl_generator_c.so
[102.045s] -- Set runtime path of "/home/xlr8wins/dev_ws/src/install/turtlesim/lib/libturtlesim__rosidl_generator_c.so" to ""
[102.046s] -- Up-to-date: /home/xlr8wins/dev_ws/src/install/turtlesim/include/turtlesim
[102.047s] -- Up-to-date: /home/xlr8wins/dev_ws/src/install/turtlesim/include/turtlesim/action
[102.048s] -- Installing: /home/xlr8wins/dev_ws/src/install/turtlesim/include/turtlesim/action/rotate_absolute.hpp
[102.049s] -- Installing: /home/xlr8wins/dev_ws/src/install/turtlesim/include/turtlesim/action/rotate_absolute__traits.hpp
[102.049s] -- Installing: /home/xlr8wins/dev_ws/src/install/turtlesim/include/turtlesim/action/rotate_absolute__struct.hpp
[102.050s] -- Up-to-date: /home/xlr8wins/dev_ws/src/install/turtlesim/include/turtlesim/srv
[102.051s] -- Installing: /home/xlr8wins/dev_ws/src/install/turtlesim/include/turtlesim/srv/kill__struct.hpp
[102.052s] -- Installing: /home/xlr8wins/dev_ws/src/install/turtlesim/include/turtlesim/srv/teleport_relative.hpp
[102.053s] -- Installing: /home/xlr8wins/dev_ws/src/install/turtlesim/include/turtlesim/srv/set_pen.hpp
[102.054s] -- Installing: /home/xlr8wins/dev_ws/src/install/turtlesim/include/turtlesim/srv/kill.hpp
[102.055s] -- Installing: /home/xlr8wins/dev_ws/src/install/turtlesim/include/turtlesim/srv/spawn__struct.hpp
[102.056s] -- Installing: /home/xlr8wins/dev_ws/src/install/turtlesim/include/turtlesim/srv/spawn__traits.hpp
[102.057s] -- Installing: /home/xlr8wins/dev_ws/src/install/turtlesim/include/turtlesim/srv/kill__traits.hpp
[102.058s] -- Installing: /home/xlr8wins/dev_ws/src/install/turtlesim/include/turtlesim/srv/set_pen__traits.hpp
[102.059s] -- Installing: /home/xlr8wins/dev_ws/src/install/turtlesim/include/turtlesim/srv/set_pen__struct.hpp
[102.060s] -- Installing: /home/xlr8wins/dev_ws/src/install/turtlesim/include/turtlesim/srv/teleport_absolute.hpp
[102.061s] -- Installing: /home/xlr8wins/dev_ws/src/install/turtlesim/include/turtlesim/srv/teleport_absolute__traits.hpp
[102.061s] -- Installing: /home/xlr8wins/dev_ws/src/install/turtlesim/include/turtlesim/srv/teleport_relative__struct.hpp
[102.063s] -- Installing: /home/xlr8wins/dev_ws/src/install/turtlesim/include/turtlesim/srv/spawn.hpp
[102.064s] -- Installing: /home/xlr8wins/dev_ws/src/install/turtlesim/include/turtlesim/srv/teleport_absolute__struct.hpp
[102.065s] -- Installing: /home/xlr8wins/dev_ws/src/install/turtlesim/include/turtlesim/srv/teleport_relative__traits.hpp
[102.065s] -- Up-to-date: /home/xlr8wins/dev_ws/src/install/turtlesim/include/turtlesim/msg
[102.066s] -- Installing: /home/xlr8wins/dev_ws/src/install/turtlesim/include/turtlesim/msg/color__traits.hpp
[102.067s] -- Installing: /home/xlr8wins/dev_ws/src/install/turtlesim/include/turtlesim/msg/pose.hpp
[102.068s] -- Installing: /home/xlr8wins/dev_ws/src/install/turtlesim/include/turtlesim/msg/color.hpp
[102.069s] -- Installing: /home/xlr8wins/dev_ws/src/install/turtlesim/include/turtlesim/msg/color__struct.hpp
[102.070s] -- Installing: /home/xlr8wins/dev_ws/src/install/turtlesim/include/turtlesim/msg/pose__struct.hpp
[102.072s] -- Installing: /home/xlr8wins/dev_ws/src/install/turtlesim/include/turtlesim/msg/pose__traits.hpp
[102.073s] -- Up-to-date: /home/xlr8wins/dev_ws/src/install/turtlesim/include/turtlesim
[102.074s] -- Up-to-date: /home/xlr8wins/dev_ws/src/install/turtlesim/include/turtlesim/action
[102.074s] -- Installing: /home/xlr8wins/dev_ws/src/install/turtlesim/include/turtlesim/action/rotate_absolute__rosidl_typesupport_introspection_c.h
[102.075s] -- Installing: /home/xlr8wins/dev_ws/src/install/turtlesim/include/turtlesim/action/rotate_absolute__type_support.c
[102.076s] -- Up-to-date: /home/xlr8wins/dev_ws/src/install/turtlesim/include/turtlesim/srv
[102.078s] -- Installing: /home/xlr8wins/dev_ws/src/install/turtlesim/include/turtlesim/srv/set_pen__type_support.c
[102.079s] -- Installing: /home/xlr8wins/dev_ws/src/install/turtlesim/include/turtlesim/srv/spawn__rosidl_typesupport_introspection_c.h
[102.080s] -- Installing: /home/xlr8wins/dev_ws/src/install/turtlesim/include/turtlesim/srv/teleport_relative__rosidl_typesupport_introspection_c.h
[102.081s] -- Installing: /home/xlr8wins/dev_ws/src/install/turtlesim/include/turtlesim/srv/teleport_absolute__type_support.c
[102.081s] -- Installing: /home/xlr8wins/dev_ws/src/install/turtlesim/include/turtlesim/srv/kill__rosidl_typesupport_introspection_c.h
[102.082s] -- Installing: /home/xlr8wins/dev_ws/src/install/turtlesim/include/turtlesim/srv/set_pen__rosidl_typesupport_introspection_c.h
[102.083s] -- Installing: /home/xlr8wins/dev_ws/src/install/turtlesim/include/turtlesim/srv/teleport_relative__type_support.c
[102.084s] -- Installing: /home/xlr8wins/dev_ws/src/install/turtlesim/include/turtlesim/srv/teleport_absolute__rosidl_typesupport_introspection_c.h
[102.085s] -- Installing: /home/xlr8wins/dev_ws/src/install/turtlesim/include/turtlesim/srv/kill__type_support.c
[102.087s] -- Installing: /home/xlr8wins/dev_ws/src/install/turtlesim/include/turtlesim/srv/spawn__type_support.c
[102.088s] -- Up-to-date: /home/xlr8wins/dev_ws/src/install/turtlesim/include/turtlesim/msg
[102.089s] -- Installing: /home/xlr8wins/dev_ws/src/install/turtlesim/include/turtlesim/msg/pose__type_support.c
[102.090s] -- Installing: /home/xlr8wins/dev_ws/src/install/turtlesim/include/turtlesim/msg/rosidl_typesupport_introspection_c__visibility_control.h
[102.090s] -- Installing: /home/xlr8wins/dev_ws/src/install/turtlesim/include/turtlesim/msg/color__type_support.c
[102.091s] -- Installing: /home/xlr8wins/dev_ws/src/install/turtlesim/include/turtlesim/msg/color__rosidl_typesupport_introspection_c.h
[102.092s] -- Installing: /home/xlr8wins/dev_ws/src/install/turtlesim/include/turtlesim/msg/pose__rosidl_typesupport_introspection_c.h
[102.093s] -- Installing: /home/xlr8wins/dev_ws/src/install/turtlesim/lib/libturtlesim__rosidl_typesupport_introspection_c.so
[102.094s] -- Set runtime path of "/home/xlr8wins/dev_ws/src/install/turtlesim/lib/libturtlesim__rosidl_typesupport_introspection_c.so" to ""
[102.095s] -- Up-to-date: /home/xlr8wins/dev_ws/src/install/turtlesim/include/turtlesim
[102.095s] -- Up-to-date: /home/xlr8wins/dev_ws/src/install/turtlesim/include/turtlesim/action
[102.096s] -- Installing: /home/xlr8wins/dev_ws/src/install/turtlesim/include/turtlesim/action/rotate_absolute__rosidl_typesupport_fastrtps_c.h
[102.097s] -- Up-to-date: /home/xlr8wins/dev_ws/src/install/turtlesim/include/turtlesim/srv
[102.097s] -- Installing: /home/xlr8wins/dev_ws/src/install/turtlesim/include/turtlesim/srv/spawn__rosidl_typesupport_fastrtps_c.h
[102.098s] -- Installing: /home/xlr8wins/dev_ws/src/install/turtlesim/include/turtlesim/srv/kill__rosidl_typesupport_fastrtps_c.h
[102.099s] -- Installing: /home/xlr8wins/dev_ws/src/install/turtlesim/include/turtlesim/srv/teleport_relative__rosidl_typesupport_fastrtps_c.h
[102.100s] -- Installing: /home/xlr8wins/dev_ws/src/install/turtlesim/include/turtlesim/srv/set_pen__rosidl_typesupport_fastrtps_c.h
[102.101s] -- Installing: /home/xlr8wins/dev_ws/src/install/turtlesim/include/turtlesim/srv/teleport_absolute__rosidl_typesupport_fastrtps_c.h
[102.102s] -- Up-to-date: /home/xlr8wins/dev_ws/src/install/turtlesim/include/turtlesim/msg
[102.102s] -- Installing: /home/xlr8wins/dev_ws/src/install/turtlesim/include/turtlesim/msg/color__rosidl_typesupport_fastrtps_c.h
[102.103s] -- Installing: /home/xlr8wins/dev_ws/src/install/turtlesim/include/turtlesim/msg/rosidl_typesupport_fastrtps_c__visibility_control.h
[102.103s] -- Installing: /home/xlr8wins/dev_ws/src/install/turtlesim/include/turtlesim/msg/pose__rosidl_typesupport_fastrtps_c.h
[102.104s] -- Installing: /home/xlr8wins/dev_ws/src/install/turtlesim/lib/libturtlesim__rosidl_typesupport_fastrtps_c.so
[102.104s] -- Set runtime path of "/home/xlr8wins/dev_ws/src/install/turtlesim/lib/libturtlesim__rosidl_typesupport_fastrtps_c.so" to ""
[102.105s] -- Up-to-date: /home/xlr8wins/dev_ws/src/install/turtlesim/include/turtlesim
[102.105s] -- Up-to-date: /home/xlr8wins/dev_ws/src/install/turtlesim/include/turtlesim/action
[102.106s] -- Installing: /home/xlr8wins/dev_ws/src/install/turtlesim/include/turtlesim/action/dds_fastrtps
[102.107s] -- Installing: /home/xlr8wins/dev_ws/src/install/turtlesim/include/turtlesim/action/rotate_absolute__rosidl_typesupport_fastrtps_cpp.hpp
[102.108s] -- Up-to-date: /home/xlr8wins/dev_ws/src/install/turtlesim/include/turtlesim/srv
[102.108s] -- Installing: /home/xlr8wins/dev_ws/src/install/turtlesim/include/turtlesim/srv/dds_fastrtps
[102.109s] -- Installing: /home/xlr8wins/dev_ws/src/install/turtlesim/include/turtlesim/srv/teleport_absolute__rosidl_typesupport_fastrtps_cpp.hpp
[102.110s] -- Installing: /home/xlr8wins/dev_ws/src/install/turtlesim/include/turtlesim/srv/spawn__rosidl_typesupport_fastrtps_cpp.hpp
[102.111s] -- Installing: /home/xlr8wins/dev_ws/src/install/turtlesim/include/turtlesim/srv/set_pen__rosidl_typesupport_fastrtps_cpp.hpp
[102.112s] -- Installing: /home/xlr8wins/dev_ws/src/install/turtlesim/include/turtlesim/srv/kill__rosidl_typesupport_fastrtps_cpp.hpp
[102.112s] -- Installing: /home/xlr8wins/dev_ws/src/install/turtlesim/include/turtlesim/srv/teleport_relative__rosidl_typesupport_fastrtps_cpp.hpp
[102.113s] -- Up-to-date: /home/xlr8wins/dev_ws/src/install/turtlesim/include/turtlesim/msg
[102.114s] -- Installing: /home/xlr8wins/dev_ws/src/install/turtlesim/include/turtlesim/msg/dds_fastrtps
[102.115s] -- Installing: /home/xlr8wins/dev_ws/src/install/turtlesim/include/turtlesim/msg/rosidl_typesupport_fastrtps_cpp__visibility_control.h
[102.115s] -- Installing: /home/xlr8wins/dev_ws/src/install/turtlesim/include/turtlesim/msg/pose__rosidl_typesupport_fastrtps_cpp.hpp
[102.116s] -- Installing: /home/xlr8wins/dev_ws/src/install/turtlesim/include/turtlesim/msg/color__rosidl_typesupport_fastrtps_cpp.hpp
[102.117s] -- Installing: /home/xlr8wins/dev_ws/src/install/turtlesim/lib/libturtlesim__rosidl_typesupport_fastrtps_cpp.so
[102.118s] -- Set runtime path of "/home/xlr8wins/dev_ws/src/install/turtlesim/lib/libturtlesim__rosidl_typesupport_fastrtps_cpp.so" to ""
[102.118s] -- Installing: /home/xlr8wins/dev_ws/src/install/turtlesim/share/turtlesim/environment/pythonpath.sh
[102.119s] -- Installing: /home/xlr8wins/dev_ws/src/install/turtlesim/lib/python3.6/site-packages/turtlesim/__init__.py
[103.074s] Compiling '/home/xlr8wins/dev_ws/src/install/turtlesim/lib/python3.6/site-packages/turtlesim/__init__.py'...
[103.128s] -- Installing: /home/xlr8wins/dev_ws/src/install/turtlesim/lib/python3.6/site-packages/turtlesim/action
[103.130s] -- Installing: /home/xlr8wins/dev_ws/src/install/turtlesim/lib/python3.6/site-packages/turtlesim/action/__init__.py
[103.131s] -- Installing: /home/xlr8wins/dev_ws/src/install/turtlesim/lib/python3.6/site-packages/turtlesim/action/_rotate_absolute.py
[103.132s] -- Installing: /home/xlr8wins/dev_ws/src/install/turtlesim/lib/python3.6/site-packages/turtlesim/action/_rotate_absolute_s.c
[103.133s] -- Installing: /home/xlr8wins/dev_ws/src/install/turtlesim/lib/python3.6/site-packages/turtlesim/msg
[103.134s] -- Installing: /home/xlr8wins/dev_ws/src/install/turtlesim/lib/python3.6/site-packages/turtlesim/msg/__init__.py
[103.135s] -- Installing: /home/xlr8wins/dev_ws/src/install/turtlesim/lib/python3.6/site-packages/turtlesim/msg/_pose_s.c
[103.137s] -- Installing: /home/xlr8wins/dev_ws/src/install/turtlesim/lib/python3.6/site-packages/turtlesim/msg/_color.py
[103.138s] -- Installing: /home/xlr8wins/dev_ws/src/install/turtlesim/lib/python3.6/site-packages/turtlesim/msg/_color_s.c
[103.139s] -- Installing: /home/xlr8wins/dev_ws/src/install/turtlesim/lib/python3.6/site-packages/turtlesim/msg/_pose.py
[103.140s] -- Installing: /home/xlr8wins/dev_ws/src/install/turtlesim/lib/python3.6/site-packages/turtlesim/srv
[103.141s] -- Installing: /home/xlr8wins/dev_ws/src/install/turtlesim/lib/python3.6/site-packages/turtlesim/srv/_teleport_absolute_s.c
[103.142s] -- Installing: /home/xlr8wins/dev_ws/src/install/turtlesim/lib/python3.6/site-packages/turtlesim/srv/_kill.py
[103.143s] -- Installing: /home/xlr8wins/dev_ws/src/install/turtlesim/lib/python3.6/site-packages/turtlesim/srv/__init__.py
[103.144s] -- Installing: /home/xlr8wins/dev_ws/src/install/turtlesim/lib/python3.6/site-packages/turtlesim/srv/_teleport_relative.py
[103.145s] -- Installing: /home/xlr8wins/dev_ws/src/install/turtlesim/lib/python3.6/site-packages/turtlesim/srv/_teleport_absolute.py
[103.146s] -- Installing: /home/xlr8wins/dev_ws/src/install/turtlesim/lib/python3.6/site-packages/turtlesim/srv/_set_pen.py
[103.147s] -- Installing: /home/xlr8wins/dev_ws/src/install/turtlesim/lib/python3.6/site-packages/turtlesim/srv/_kill_s.c
[103.148s] -- Installing: /home/xlr8wins/dev_ws/src/install/turtlesim/lib/python3.6/site-packages/turtlesim/srv/_spawn.py
[103.148s] -- Installing: /home/xlr8wins/dev_ws/src/install/turtlesim/lib/python3.6/site-packages/turtlesim/srv/_spawn_s.c
[103.150s] -- Installing: /home/xlr8wins/dev_ws/src/install/turtlesim/lib/python3.6/site-packages/turtlesim/srv/_set_pen_s.c
[103.151s] -- Installing: /home/xlr8wins/dev_ws/src/install/turtlesim/lib/python3.6/site-packages/turtlesim/srv/_teleport_relative_s.c
[103.152s] -- Installing: /home/xlr8wins/dev_ws/src/install/turtlesim/lib/python3.6/site-packages/turtlesim/turtlesim_s__rosidl_typesupport_c.cpython-36m-aarch64-linux-gnu.so
[103.154s] -- Set runtime path of "/home/xlr8wins/dev_ws/src/install/turtlesim/lib/python3.6/site-packages/turtlesim/turtlesim_s__rosidl_typesupport_c.cpython-36m-aarch64-linux-gnu.so" to ""
[103.171s] -- Installing: /home/xlr8wins/dev_ws/src/install/turtlesim/lib/python3.6/site-packages/turtlesim/turtlesim_s__rosidl_typesupport_introspection_c.cpython-36m-aarch64-linux-gnu.so
[103.173s] -- Set runtime path of "/home/xlr8wins/dev_ws/src/install/turtlesim/lib/python3.6/site-packages/turtlesim/turtlesim_s__rosidl_typesupport_introspection_c.cpython-36m-aarch64-linux-gnu.so" to ""
[103.174s] -- Installing: /home/xlr8wins/dev_ws/src/install/turtlesim/lib/python3.6/site-packages/turtlesim/turtlesim_s__rosidl_typesupport_fastrtps_c.cpython-36m-aarch64-linux-gnu.so
[103.175s] -- Set runtime path of "/home/xlr8wins/dev_ws/src/install/turtlesim/lib/python3.6/site-packages/turtlesim/turtlesim_s__rosidl_typesupport_fastrtps_c.cpython-36m-aarch64-linux-gnu.so" to ""
[103.176s] -- Installing: /home/xlr8wins/dev_ws/src/install/turtlesim/lib/libturtlesim__python.so
[103.177s] -- Set runtime path of "/home/xlr8wins/dev_ws/src/install/turtlesim/lib/libturtlesim__python.so" to ""
[103.178s] -- Installing: /home/xlr8wins/dev_ws/src/install/turtlesim/share/turtlesim/action/RotateAbsolute.idl
[103.179s] -- Installing: /home/xlr8wins/dev_ws/src/install/turtlesim/share/turtlesim/msg/Color.idl
[103.180s] -- Installing: /home/xlr8wins/dev_ws/src/install/turtlesim/share/turtlesim/msg/Pose.idl
[103.181s] -- Installing: /home/xlr8wins/dev_ws/src/install/turtlesim/share/turtlesim/srv/Kill.idl
[103.183s] -- Installing: /home/xlr8wins/dev_ws/src/install/turtlesim/share/turtlesim/srv/SetPen.idl
[103.184s] -- Installing: /home/xlr8wins/dev_ws/src/install/turtlesim/share/turtlesim/srv/Spawn.idl
[103.185s] -- Installing: /home/xlr8wins/dev_ws/src/install/turtlesim/share/turtlesim/srv/TeleportAbsolute.idl
[103.186s] -- Installing: /home/xlr8wins/dev_ws/src/install/turtlesim/share/turtlesim/srv/TeleportRelative.idl
[103.199s] -- Installing: /home/xlr8wins/dev_ws/src/install/turtlesim/share/turtlesim/action/RotateAbsolute.action
[103.202s] -- Installing: /home/xlr8wins/dev_ws/src/install/turtlesim/share/turtlesim/msg/Color.msg
[103.203s] -- Installing: /home/xlr8wins/dev_ws/src/install/turtlesim/share/turtlesim/msg/Pose.msg
[103.204s] -- Installing: /home/xlr8wins/dev_ws/src/install/turtlesim/share/turtlesim/srv/Kill.srv
[103.205s] -- Installing: /home/xlr8wins/dev_ws/src/install/turtlesim/share/turtlesim/srv/Kill_Request.msg
[103.206s] -- Installing: /home/xlr8wins/dev_ws/src/install/turtlesim/share/turtlesim/srv/Kill_Response.msg
[103.207s] -- Installing: /home/xlr8wins/dev_ws/src/install/turtlesim/share/turtlesim/srv/SetPen.srv
[103.208s] -- Installing: /home/xlr8wins/dev_ws/src/install/turtlesim/share/turtlesim/srv/SetPen_Request.msg
[103.209s] -- Installing: /home/xlr8wins/dev_ws/src/install/turtlesim/share/turtlesim/srv/SetPen_Response.msg
[103.217s] -- Installing: /home/xlr8wins/dev_ws/src/install/turtlesim/share/turtlesim/srv/Spawn.srv
[103.218s] -- Installing: /home/xlr8wins/dev_ws/src/install/turtlesim/share/turtlesim/srv/Spawn_Request.msg
[103.218s] -- Installing: /home/xlr8wins/dev_ws/src/install/turtlesim/share/turtlesim/srv/Spawn_Response.msg
[103.219s] -- Installing: /home/xlr8wins/dev_ws/src/install/turtlesim/share/turtlesim/srv/TeleportAbsolute.srv
[103.220s] -- Installing: /home/xlr8wins/dev_ws/src/install/turtlesim/share/turtlesim/srv/TeleportAbsolute_Request.msg
[103.220s] -- Installing: /home/xlr8wins/dev_ws/src/install/turtlesim/share/turtlesim/srv/TeleportAbsolute_Response.msg
[103.227s] -- Installing: /home/xlr8wins/dev_ws/src/install/turtlesim/share/turtlesim/srv/TeleportRelative.srv
[103.228s] -- Installing: /home/xlr8wins/dev_ws/src/install/turtlesim/share/turtlesim/srv/TeleportRelative_Request.msg
[103.230s] -- Installing: /home/xlr8wins/dev_ws/src/install/turtlesim/share/turtlesim/srv/TeleportRelative_Response.msg
[103.230s] -- Installing: /home/xlr8wins/dev_ws/src/install/turtlesim/lib/turtlesim/turtlesim_node
[103.231s] -- Set runtime path of "/home/xlr8wins/dev_ws/src/install/turtlesim/lib/turtlesim/turtlesim_node" to ""
[103.232s] -- Installing: /home/xlr8wins/dev_ws/src/install/turtlesim/lib/turtlesim/turtle_teleop_key
[103.245s] -- Set runtime path of "/home/xlr8wins/dev_ws/src/install/turtlesim/lib/turtlesim/turtle_teleop_key" to ""
[103.247s] -- Installing: /home/xlr8wins/dev_ws/src/install/turtlesim/lib/turtlesim/draw_square
[103.253s] -- Set runtime path of "/home/xlr8wins/dev_ws/src/install/turtlesim/lib/turtlesim/draw_square" to ""
[103.254s] -- Installing: /home/xlr8wins/dev_ws/src/install/turtlesim/lib/turtlesim/mimic
[103.259s] -- Set runtime path of "/home/xlr8wins/dev_ws/src/install/turtlesim/lib/turtlesim/mimic" to ""
[103.260s] -- Installing: /home/xlr8wins/dev_ws/src/install/turtlesim/share/turtlesim/images
[103.261s] -- Installing: /home/xlr8wins/dev_ws/src/install/turtlesim/share/turtlesim/images/bouncy.png
[103.262s] -- Installing: /home/xlr8wins/dev_ws/src/install/turtlesim/share/turtlesim/images/ardent.png
[103.266s] -- Installing: /home/xlr8wins/dev_ws/src/install/turtlesim/share/turtlesim/images/crystal.png
[103.268s] -- Installing: /home/xlr8wins/dev_ws/src/install/turtlesim/share/turtlesim/images/dashing.png
[103.269s] -- Installing: /home/xlr8wins/dev_ws/src/install/turtlesim/share/turtlesim/launch
[103.278s] -- Installing: /home/xlr8wins/dev_ws/src/install/turtlesim/share/turtlesim/launch/multisim.launch.py
[103.279s] -- Installing: /home/xlr8wins/dev_ws/src/install/turtlesim/share/ament_index/resource_index/package_run_dependencies/turtlesim
[103.281s] -- Installing: /home/xlr8wins/dev_ws/src/install/turtlesim/share/ament_index/resource_index/parent_prefix_path/turtlesim
[103.283s] -- Installing: /home/xlr8wins/dev_ws/src/install/turtlesim/share/turtlesim/environment/ament_prefix_path.sh
[103.284s] -- Installing: /home/xlr8wins/dev_ws/src/install/turtlesim/share/turtlesim/environment/path.sh
[103.285s] -- Installing: /home/xlr8wins/dev_ws/src/install/turtlesim/share/turtlesim/local_setup.bash
[103.285s] -- Installing: /home/xlr8wins/dev_ws/src/install/turtlesim/share/turtlesim/local_setup.sh
[103.287s] -- Installing: /home/xlr8wins/dev_ws/src/install/turtlesim/share/turtlesim/local_setup.zsh
[103.288s] -- Installing: /home/xlr8wins/dev_ws/src/install/turtlesim/share/ament_index/resource_index/packages/turtlesim
[103.294s] -- Installing: /home/xlr8wins/dev_ws/src/install/turtlesim/share/turtlesim/cmake/rosidl_cmake-extras.cmake
[103.295s] -- Installing: /home/xlr8wins/dev_ws/src/install/turtlesim/share/turtlesim/cmake/ament_cmake_export_dependencies-extras.cmake
[103.296s] -- Installing: /home/xlr8wins/dev_ws/src/install/turtlesim/share/turtlesim/cmake/ament_cmake_export_libraries-extras.cmake
[103.297s] -- Installing: /home/xlr8wins/dev_ws/src/install/turtlesim/share/turtlesim/cmake/ament_cmake_export_include_directories-extras.cmake
[103.298s] -- Installing: /home/xlr8wins/dev_ws/src/install/turtlesim/share/turtlesim/cmake/turtlesimConfig.cmake
[103.299s] -- Installing: /home/xlr8wins/dev_ws/src/install/turtlesim/share/turtlesim/cmake/turtlesimConfig-version.cmake
[103.300s] -- Installing: /home/xlr8wins/dev_ws/src/install/turtlesim/share/turtlesim/package.xml
[103.311s] Invoked command in '/home/xlr8wins/dev_ws/src/build/turtlesim' returned '0': CMAKE_PREFIX_PATH=${CMAKE_PREFIX_PATH}:/home/xlr8wins/ros2_dashing/install/ros2bag:/home/xlr8wins/ros2_dashing/install/topic_monitor:/home/xlr8wins/ros2_dashing/install/sros2:/home/xlr8wins/ros2_dashing/install/rqt_topic:/home/xlr8wins/ros2_dashing/install/rqt_top:/home/xlr8wins/ros2_dashing/install/rqt_srv:/home/xlr8wins/ros2_dashing/install/rqt_shell:/home/xlr8wins/ros2_dashing/install/rqt_service_caller:/home/xlr8wins/ros2_dashing/install/rqt_py_console:/home/xlr8wins/ros2_dashing/install/rqt_action:/home/xlr8wins/ros2_dashing/install/rqt:/home/xlr8wins/ros2_dashing/install/rqt_graph:/home/xlr8wins/ros2_dashing/install/rqt_gui_py:/home/xlr8wins/ros2_dashing/install/rqt_gui:/home/xlr8wins/ros2_dashing/install/ros2topic:/home/xlr8wins/ros2_dashing/install/ros2test:/home/xlr8wins/ros2_dashing/install/ros2component:/home/xlr8wins/ros2_dashing/install/ros2param:/home/xlr8wins/ros2_dashing/install/ros2lifecycle:/home/xlr8wins/ros2_dashing/install/ros2service:/home/xlr8wins/ros2_dashing/install/ros2srv:/home/xlr8wins/ros2_dashing/install/ros2run:/home/xlr8wins/ros2_dashing/install/ros2launch:/home/xlr8wins/ros2_dashing/install/ros2pkg:/home/xlr8wins/ros2_dashing/install/ros2node:/home/xlr8wins/ros2_dashing/install/ros2multicast:/home/xlr8wins/ros2_dashing/install/ros2msg:/home/xlr8wins/ros2_dashing/install/ros2action:/home/xlr8wins/ros2_dashing/install/ros2cli:/home/xlr8wins/ros2_dashing/install/quality_of_service_demo_py:/home/xlr8wins/ros2_dashing/install/launch_testing_ros:/home/xlr8wins/ros2_dashing/install/launch_ros:/home/xlr8wins/ros2_dashing/install/examples_rclpy_minimal_subscriber:/home/xlr8wins/ros2_dashing/install/examples_rclpy_minimal_service:/home/xlr8wins/ros2_dashing/install/examples_rclpy_minimal_publisher:/home/xlr8wins/ros2_dashing/install/examples_rclpy_minimal_client:/home/xlr8wins/ros2_dashing/install/examples_rclpy_minimal_action_server:/home/xlr8wins/ros2_dashing/install/examples_rclpy_minimal_action_client:/home/xlr8wins/ros2_dashing/install/examples_rclpy_executors:/home/xlr8wins/ros2_dashing/install/demo_nodes_py:/home/xlr8wins/ros2_dashing/install/ament_uncrustify:/home/xlr8wins/ros2_dashing/install/test_launch_ros:/home/xlr8wins/ros2_dashing/install/rosidl_runtime_py:/home/xlr8wins/ros2_dashing/install/launch_testing:/home/xlr8wins/ros2_dashing/install/launch:/home/xlr8wins/ros2_dashing/install/osrf_pycommon:/home/xlr8wins/ros2_dashing/install/ament_xmllint:/home/xlr8wins/ros2_dashing/install/ament_pyflakes:/home/xlr8wins/ros2_dashing/install/ament_pep8:/home/xlr8wins/ros2_dashing/install/ament_pep257:/home/xlr8wins/ros2_dashing/install/ament_pclint:/home/xlr8wins/ros2_dashing/install/ament_package:/home/xlr8wins/ros2_dashing/install/ament_lint_cmake:/home/xlr8wins/ros2_dashing/install/ament_flake8:/home/xlr8wins/ros2_dashing/install/ament_copyright:/home/xlr8wins/ros2_dashing/install/ament_lint:/home/xlr8wins/ros2_dashing/install/ament_index_python:/home/xlr8wins/ros2_dashing/install/ament_cpplint:/home/xlr8wins/ros2_dashing/install/ament_cppcheck:/home/xlr8wins/ros2_dashing/install/ament_clang_tidy:/home/xlr8wins/ros2_dashing/install/ament_clang_format /usr/bin/cmake --build /home/xlr8wins/dev_ws/src/build/turtlesim --target install -- -j4 -l4
